<?xml version="1.0" encoding="UTF-8"?>
<testsuites name="jest tests" tests="22" failures="0" errors="0" time="1.034">
  <testsuite name="&lt;Path/&gt;" errors="0" failures="0" skipped="0" timestamp="2022-07-11T21:17:35" time="0.592" tests="3">
    <testcase classname="&lt;Path/&gt; was rendered" name="&lt;Path/&gt; was rendered" time="0.01">
    </testcase>
    <testcase classname="&lt;Path/&gt; has default classname" name="&lt;Path/&gt; has default classname" time="0.003">
    </testcase>
    <testcase classname="&lt;Path/&gt; has `host` &amp; `basePath` property rendered" name="&lt;Path/&gt; has `host` &amp; `basePath` property rendered" time="0.008">
    </testcase>
  </testsuite>
  <testsuite name="&lt;Licence/&gt;" errors="0" failures="0" skipped="0" timestamp="2022-07-11T21:17:35" time="0.608" tests="2">
    <testcase classname="&lt;Licence/&gt; `url` property renders `url` href link " name="&lt;Licence/&gt; `url` property renders `url` href link " time="0.032">
    </testcase>
    <testcase classname="&lt;Licence/&gt; `no url` property renders `no url` href link " name="&lt;Licence/&gt; `no url` property renders `no url` href link " time="0.003">
    </testcase>
  </testsuite>
  <testsuite name="&lt;AugmentingInfo/&gt;" errors="0" failures="0" skipped="0" timestamp="2022-07-11T21:17:35" time="0.604" tests="1">
    <testcase classname="&lt;AugmentingInfo/&gt; was rendered" name="&lt;AugmentingInfo/&gt; was rendered" time="0.031">
    </testcase>
  </testsuite>
  <testsuite name="&lt;ViewSpec/&gt;" errors="0" failures="0" skipped="0" timestamp="2022-07-11T21:17:35" time="0.612" tests="3">
    <testcase classname="&lt;ViewSpec/&gt; was rendered" name="&lt;ViewSpec/&gt; was rendered" time="0.017">
    </testcase>
    <testcase classname="&lt;ViewSpec/&gt; has a button" name="&lt;ViewSpec/&gt; has a button" time="0.02">
    </testcase>
    <testcase classname="&lt;ViewSpec/&gt; has an svg" name="&lt;ViewSpec/&gt; has an svg" time="0.003">
    </testcase>
  </testsuite>
  <testsuite name="&lt;SideBar/&gt;" errors="0" failures="0" skipped="0" timestamp="2022-07-11T21:17:35" time="0.678" tests="9">
    <testcase classname="&lt;SideBar/&gt; was rendered" name="&lt;SideBar/&gt; was rendered" time="0.012">
    </testcase>
    <testcase classname="&lt;SideBar/&gt; has a role button" name="&lt;SideBar/&gt; has a role button" time="0.022">
    </testcase>
    <testcase classname="&lt;SideBar/&gt; has `Open Sidebar` title" name="&lt;SideBar/&gt; has `Open Sidebar` title" time="0.009">
    </testcase>
    <testcase classname="&lt;SideBar/&gt; can be clicked: sidebar opens" name="&lt;SideBar/&gt; can be clicked: sidebar opens" time="0.021">
    </testcase>
    <testcase classname="&lt;SideBar/&gt; can be clicked: sidebar opens &amp; closes" name="&lt;SideBar/&gt; can be clicked: sidebar opens &amp; closes" time="0.019">
    </testcase>
    <testcase classname="&lt;SideBar/&gt; can be clicked: Sidebar list is rendered" name="&lt;SideBar/&gt; can be clicked: Sidebar list is rendered" time="0.01">
    </testcase>
    <testcase classname="&lt;SideBar/&gt; on `Space` press opens sidebar" name="&lt;SideBar/&gt; on `Space` press opens sidebar" time="0.004">
    </testcase>
    <testcase classname="&lt;SideBar/&gt; on `Enter` press close sidebar" name="&lt;SideBar/&gt; on `Enter` press close sidebar" time="0.005">
    </testcase>
    <testcase classname="&lt;SideBar/&gt; on `Return` press close sidebar" name="&lt;SideBar/&gt; on `Return` press close sidebar" time="0.005">
    </testcase>
  </testsuite>
  <testsuite name="&lt;Contact/&gt;" errors="0" failures="0" skipped="0" timestamp="2022-07-11T21:17:36" time="0.113" tests="4">
    <testcase classname="&lt;Contact/&gt; `url` property contains `url link`" name="&lt;Contact/&gt; `url` property contains `url link`" time="0.009">
    </testcase>
    <testcase classname="&lt;Contact/&gt; `url` property renders `url` href link " name="&lt;Contact/&gt; `url` property renders `url` href link " time="0.003">
    </testcase>
    <testcase classname="&lt;Contact/&gt; no `url` property no url link" name="&lt;Contact/&gt; no `url` property no url link" time="0.001">
    </testcase>
    <testcase classname="&lt;Contact/&gt; no `url` property renders `no url` href link " name="&lt;Contact/&gt; no `url` property renders `no url` href link " time="0.001">
    </testcase>
  </testsuite>
</testsuites>