<?xml version="1.0" encoding="UTF-8"?>
<testsuites name="jest tests" tests="3" failures="1" errors="0" time="1.211">
  <testsuite name="&lt;Models /&gt;" errors="0" failures="0" skipped="0" timestamp="2022-07-08T21:01:09" time="0.737" tests="1">
    <testcase classname="&lt;Models /&gt; was rendered" name="&lt;Models /&gt; was rendered" time="0.008">
    </testcase>
  </testsuite>
  <testsuite name="&lt;OperationsTag/&gt;" errors="0" failures="0" skipped="0" timestamp="2022-07-08T21:01:09" time="0.797" tests="1">
    <testcase classname="&lt;OperationsTag/&gt; was rendered" name="&lt;OperationsTag/&gt; was rendered" time="0.017">
    </testcase>
  </testsuite>
  <testsuite name="&lt;Operations/&gt;" errors="0" failures="1" skipped="0" timestamp="2022-07-08T21:01:09" time="0.84" tests="1">
    <testcase classname="&lt;Operations/&gt; was rendered" name="&lt;Operations/&gt; was rendered" time="0.063">
      <failure>TypeError: taggedOps.map(...).toArray is not a function
    at toArray (/Users/julianestefan/Documents/projects/kong/swagger-ui-kong-theme/src/components/Operations/index.js:90:14)
    at renderWithHooks (/Users/julianestefan/Documents/projects/kong/swagger-ui-kong-theme/node_modules/react-dom/cjs/react-dom.development.js:14985:18)
    at mountIndeterminateComponent (/Users/julianestefan/Documents/projects/kong/swagger-ui-kong-theme/node_modules/react-dom/cjs/react-dom.development.js:17811:13)
    at beginWork (/Users/julianestefan/Documents/projects/kong/swagger-ui-kong-theme/node_modules/react-dom/cjs/react-dom.development.js:19049:16)
    at HTMLUnknownElement.callCallback (/Users/julianestefan/Documents/projects/kong/swagger-ui-kong-theme/node_modules/react-dom/cjs/react-dom.development.js:3945:14)
    at HTMLUnknownElement.callTheUserObjectsOperation (/Users/julianestefan/Documents/projects/kong/swagger-ui-kong-theme/node_modules/jsdom/lib/jsdom/living/generated/EventListener.js:26:30)
    at innerInvokeEventListeners (/Users/julianestefan/Documents/projects/kong/swagger-ui-kong-theme/node_modules/jsdom/lib/jsdom/living/events/EventTarget-impl.js:340:25)
    at invokeEventListeners (/Users/julianestefan/Documents/projects/kong/swagger-ui-kong-theme/node_modules/jsdom/lib/jsdom/living/events/EventTarget-impl.js:276:3)
    at HTMLUnknownElementImpl._dispatch (/Users/julianestefan/Documents/projects/kong/swagger-ui-kong-theme/node_modules/jsdom/lib/jsdom/living/events/EventTarget-impl.js:223:9)
    at HTMLUnknownElementImpl.dispatchEvent (/Users/julianestefan/Documents/projects/kong/swagger-ui-kong-theme/node_modules/jsdom/lib/jsdom/living/events/EventTarget-impl.js:94:17)
    at HTMLUnknownElement.dispatchEvent (/Users/julianestefan/Documents/projects/kong/swagger-ui-kong-theme/node_modules/jsdom/lib/jsdom/living/generated/EventTarget.js:241:34)
    at Object.invokeGuardedCallbackDev (/Users/julianestefan/Documents/projects/kong/swagger-ui-kong-theme/node_modules/react-dom/cjs/react-dom.development.js:3994:16)
    at invokeGuardedCallback (/Users/julianestefan/Documents/projects/kong/swagger-ui-kong-theme/node_modules/react-dom/cjs/react-dom.development.js:4056:31)
    at beginWork$1 (/Users/julianestefan/Documents/projects/kong/swagger-ui-kong-theme/node_modules/react-dom/cjs/react-dom.development.js:23964:7)
    at performUnitOfWork (/Users/julianestefan/Documents/projects/kong/swagger-ui-kong-theme/node_modules/react-dom/cjs/react-dom.development.js:22779:12)
    at workLoopSync (/Users/julianestefan/Documents/projects/kong/swagger-ui-kong-theme/node_modules/react-dom/cjs/react-dom.development.js:22707:5)
    at renderRootSync (/Users/julianestefan/Documents/projects/kong/swagger-ui-kong-theme/node_modules/react-dom/cjs/react-dom.development.js:22670:7)
    at performSyncWorkOnRoot (/Users/julianestefan/Documents/projects/kong/swagger-ui-kong-theme/node_modules/react-dom/cjs/react-dom.development.js:22293:18)
    at scheduleUpdateOnFiber (/Users/julianestefan/Documents/projects/kong/swagger-ui-kong-theme/node_modules/react-dom/cjs/react-dom.development.js:21881:7)
    at updateContainer (/Users/julianestefan/Documents/projects/kong/swagger-ui-kong-theme/node_modules/react-dom/cjs/react-dom.development.js:25482:3)
    at /Users/julianestefan/Documents/projects/kong/swagger-ui-kong-theme/node_modules/react-dom/cjs/react-dom.development.js:26021:7
    at unbatchedUpdates (/Users/julianestefan/Documents/projects/kong/swagger-ui-kong-theme/node_modules/react-dom/cjs/react-dom.development.js:22431:12)
    at legacyRenderSubtreeIntoContainer (/Users/julianestefan/Documents/projects/kong/swagger-ui-kong-theme/node_modules/react-dom/cjs/react-dom.development.js:26020:5)
    at Object.render (/Users/julianestefan/Documents/projects/kong/swagger-ui-kong-theme/node_modules/react-dom/cjs/react-dom.development.js:26103:10)
    at /Users/julianestefan/Documents/projects/kong/swagger-ui-kong-theme/node_modules/@testing-library/react/dist/pure.js:101:25
    at batchedUpdates$1 (/Users/julianestefan/Documents/projects/kong/swagger-ui-kong-theme/node_modules/react-dom/cjs/react-dom.development.js:22380:12)
    at act (/Users/julianestefan/Documents/projects/kong/swagger-ui-kong-theme/node_modules/react-dom/cjs/react-dom-test-utils.development.js:1042:14)
    at render (/Users/julianestefan/Documents/projects/kong/swagger-ui-kong-theme/node_modules/@testing-library/react/dist/pure.js:97:26)
    at renderComponent (/Users/julianestefan/Documents/projects/kong/swagger-ui-kong-theme/test/unit/common/components/Operations/Operations.test.js:33:29)
    at Object.renderComponent (/Users/julianestefan/Documents/projects/kong/swagger-ui-kong-theme/test/unit/common/components/Operations/Operations.test.js:38:31)
    at Promise.then.completed (/Users/julianestefan/Documents/projects/kong/swagger-ui-kong-theme/node_modules/jest-circus/build/utils.js:333:28)
    at new Promise (&lt;anonymous&gt;)
    at callAsyncCircusFn (/Users/julianestefan/Documents/projects/kong/swagger-ui-kong-theme/node_modules/jest-circus/build/utils.js:259:10)
    at _callCircusTest (/Users/julianestefan/Documents/projects/kong/swagger-ui-kong-theme/node_modules/jest-circus/build/run.js:277:40)
    at processTicksAndRejections (node:internal/process/task_queues:96:5)
    at _runTest (/Users/julianestefan/Documents/projects/kong/swagger-ui-kong-theme/node_modules/jest-circus/build/run.js:209:3)
    at _runTestsForDescribeBlock (/Users/julianestefan/Documents/projects/kong/swagger-ui-kong-theme/node_modules/jest-circus/build/run.js:97:9)
    at _runTestsForDescribeBlock (/Users/julianestefan/Documents/projects/kong/swagger-ui-kong-theme/node_modules/jest-circus/build/run.js:91:9)
    at run (/Users/julianestefan/Documents/projects/kong/swagger-ui-kong-theme/node_modules/jest-circus/build/run.js:31:3)
    at runAndTransformResultsToJestFormat (/Users/julianestefan/Documents/projects/kong/swagger-ui-kong-theme/node_modules/jest-circus/build/legacy-code-todo-rewrite/jestAdapterInit.js:135:21)
    at jestAdapter (/Users/julianestefan/Documents/projects/kong/swagger-ui-kong-theme/node_modules/jest-circus/build/legacy-code-todo-rewrite/jestAdapter.js:92:19)
    at runTestInternal (/Users/julianestefan/Documents/projects/kong/swagger-ui-kong-theme/node_modules/jest-runner/build/runTest.js:411:16)
    at runTest (/Users/julianestefan/Documents/projects/kong/swagger-ui-kong-theme/node_modules/jest-runner/build/runTest.js:499:34)
    at Object.worker (/Users/julianestefan/Documents/projects/kong/swagger-ui-kong-theme/node_modules/jest-runner/build/testWorker.js:133:12)</failure>
    </testcase>
  </testsuite>
</testsuites>