<?xml version="1.0" encoding="UTF-8"?>
<testsuites name="jest tests" tests="10" failures="1" errors="0" time="1.152">
  <testsuite name="&lt;ModelWrapper /&gt;" errors="0" failures="0" skipped="0" timestamp="2022-07-08T21:06:42" time="0.758" tests="1">
    <testcase classname="&lt;ModelWrapper /&gt; was rendered" name="&lt;ModelWrapper /&gt; was rendered" time="0.009">
    </testcase>
  </testsuite>
  <testsuite name="&lt;OperationsTag/&gt;" errors="0" failures="0" skipped="0" timestamp="2022-07-08T21:06:42" time="0.769" tests="1">
    <testcase classname="&lt;OperationsTag/&gt; was rendered" name="&lt;OperationsTag/&gt; was rendered" time="0.015">
    </testcase>
  </testsuite>
  <testsuite name="&lt;Models /&gt;" errors="0" failures="0" skipped="0" timestamp="2022-07-08T21:06:42" time="0.745" tests="1">
    <testcase classname="&lt;Models /&gt; was rendered" name="&lt;Models /&gt; was rendered" time="0.007">
    </testcase>
  </testsuite>
  <testsuite name="&lt;TryItOutButton/&gt;" errors="0" failures="1" skipped="0" timestamp="2022-07-08T21:06:42" time="0.792" tests="7">
    <testcase classname="&lt;TryItOutButton/&gt; was rendered" name="&lt;TryItOutButton/&gt; was rendered" time="0.023">
    </testcase>
    <testcase classname="&lt;TryItOutButton/&gt; can render content when servers not empty" name="&lt;TryItOutButton/&gt; can render content when servers not empty" time="0.013">
    </testcase>
    <testcase classname="&lt;TryItOutButton/&gt; has no content when servers are empty" name="&lt;TryItOutButton/&gt; has no content when servers are empty" time="0.004">
      <failure>Error: expect(received).toBeNull()

Received: &lt;button aria-label=&quot;Try sending an example request&quot; class=&quot;btnTryOut btn&quot;&gt;Try it out&lt;/button&gt;
    at toBeNull (/Users/julianestefan/Documents/projects/kong/swagger-ui-kong-theme/test/unit/common/components/TryItOutButton/TryItOutButton.test.js:45:20)
    at tryCatch (/Users/julianestefan/Documents/projects/kong/swagger-ui-kong-theme/test/unit/common/components/TryItOutButton/TryItOutButton.test.js:13:2404)
    at Generator._invoke (/Users/julianestefan/Documents/projects/kong/swagger-ui-kong-theme/test/unit/common/components/TryItOutButton/TryItOutButton.test.js:13:1964)
    at Generator.next (/Users/julianestefan/Documents/projects/kong/swagger-ui-kong-theme/test/unit/common/components/TryItOutButton/TryItOutButton.test.js:13:3255)
    at asyncGeneratorStep (/Users/julianestefan/Documents/projects/kong/swagger-ui-kong-theme/test/unit/common/components/TryItOutButton/TryItOutButton.test.js:21:103)
    at _next (/Users/julianestefan/Documents/projects/kong/swagger-ui-kong-theme/test/unit/common/components/TryItOutButton/TryItOutButton.test.js:23:194)
    at processTicksAndRejections (node:internal/process/task_queues:96:5)</failure>
    </testcase>
    <testcase classname="&lt;TryItOutButton/&gt; has button `Try it out`" name="&lt;TryItOutButton/&gt; has button `Try it out`" time="0.002">
    </testcase>
    <testcase classname="&lt;TryItOutButton/&gt; has an aria label text: `Try sending an example request`" name="&lt;TryItOutButton/&gt; has an aria label text: `Try sending an example request`" time="0.002">
    </testcase>
    <testcase classname="&lt;TryItOutButton/&gt; has button `Cancel`" name="&lt;TryItOutButton/&gt; has button `Cancel`" time="0.002">
    </testcase>
    <testcase classname="&lt;TryItOutButton/&gt; has an aria label text: `Cancel sending an example request`" name="&lt;TryItOutButton/&gt; has an aria label text: `Cancel sending an example request`" time="0.004">
    </testcase>
  </testsuite>
</testsuites>