<?xml version="1.0" encoding="UTF-8"?>
<testsuites name="jest tests" tests="18" failures="0" errors="0" time="1.908">
  <testsuite name="&lt;AugmentingInfo/&gt;" errors="0" failures="0" skipped="3" timestamp="2022-06-23T10:33:36" time="1.244" tests="18">
    <testcase classname="&lt;AugmentingInfo/&gt; was rendered" name="&lt;AugmentingInfo/&gt; was rendered" time="0.028">
    </testcase>
    <testcase classname="&lt;AugmentingInfo/&gt; has className `info`" name="&lt;AugmentingInfo/&gt; has className `info`" time="0.007">
    </testcase>
    <testcase classname="&lt;AugmentingInfo/&gt; has className `main`" name="&lt;AugmentingInfo/&gt; has className `main`" time="0.005">
    </testcase>
    <testcase classname="&lt;AugmentingInfo/&gt; has className `header`" name="&lt;AugmentingInfo/&gt; has className `header`" time="0.008">
    </testcase>
    <testcase classname="&lt;AugmentingInfo/&gt; has className `title`" name="&lt;AugmentingInfo/&gt; has className `title`" time="0.004">
    </testcase>
    <testcase classname="&lt;AugmentingInfo/&gt; `title` prop is passed" name="&lt;AugmentingInfo/&gt; `title` prop is passed" time="0.014">
    </testcase>
    <testcase classname="&lt;AugmentingInfo/&gt; `ViewSpec` component is rendered" name="&lt;AugmentingInfo/&gt; `ViewSpec` component is rendered" time="0.007">
    </testcase>
    <testcase classname="&lt;AugmentingInfo/&gt; has `host path` element" name="&lt;AugmentingInfo/&gt; has `host path` element" time="0.005">
    </testcase>
    <testcase classname="&lt;AugmentingInfo/&gt; `url` section rendered has `url` text" name="&lt;AugmentingInfo/&gt; `url` section rendered has `url` text" time="0.004">
    </testcase>
    <testcase classname="&lt;AugmentingInfo/&gt; `url` section rendered has `a href` link" name="&lt;AugmentingInfo/&gt; `url` section rendered has `a href` link" time="0.007">
    </testcase>
    <testcase classname="&lt;AugmentingInfo/&gt; `url` section rendered `description` section it has `description` classname" name="&lt;AugmentingInfo/&gt; `url` section rendered `description` section it has `description` classname" time="0.004">
    </testcase>
    <testcase classname="&lt;AugmentingInfo/&gt; `url` section rendered `description` section has `Markdown` component rendered" name="&lt;AugmentingInfo/&gt; `url` section rendered `description` section has `Markdown` component rendered" time="0">
      <skipped/>
    </testcase>
    <testcase classname="&lt;AugmentingInfo/&gt; `url` section rendered `description` section `terms of service` section contains text `Terms of service`" name="&lt;AugmentingInfo/&gt; `url` section rendered `description` section `terms of service` section contains text `Terms of service`" time="0.005">
    </testcase>
    <testcase classname="&lt;AugmentingInfo/&gt; `url` section rendered `description` section `terms of service` section contains `href`" name="&lt;AugmentingInfo/&gt; `url` section rendered `description` section `terms of service` section contains `href`" time="0.004">
    </testcase>
    <testcase classname="&lt;AugmentingInfo/&gt; `url` section rendered `description` section has rendered `contact` section" name="&lt;AugmentingInfo/&gt; `url` section rendered `description` section has rendered `contact` section" time="0">
      <skipped/>
    </testcase>
    <testcase classname="&lt;AugmentingInfo/&gt; `url` section rendered `description` section has rendered `licence` section" name="&lt;AugmentingInfo/&gt; `url` section rendered `description` section has rendered `licence` section" time="0">
      <skipped/>
    </testcase>
    <testcase classname="&lt;AugmentingInfo/&gt; `url` section rendered `description` section `externalDocsUrl` section has externalDocs rendered" name="&lt;AugmentingInfo/&gt; `url` section rendered `description` section `externalDocsUrl` section has externalDocs rendered" time="0.006">
    </testcase>
    <testcase classname="&lt;AugmentingInfo/&gt; `url` section rendered `description` section `externalDocsUrl` section has `href` link" name="&lt;AugmentingInfo/&gt; `url` section rendered `description` section `externalDocsUrl` section has `href` link" time="0.006">
    </testcase>
  </testsuite>
</testsuites>