<?xml version="1.0" encoding="UTF-8"?>
<testsuites name="jest tests" tests="6" failures="0" errors="0" time="2.187">
  <testsuite name="&lt;TryItOutButton/&gt;" errors="0" failures="0" skipped="0" timestamp="2022-06-20T07:59:37" time="1.514" tests="6">
    <testcase classname="&lt;TryItOutButton/&gt; enabled: false was rendered" name="&lt;TryItOutButton/&gt; enabled: false was rendered" time="0.073">
    </testcase>
    <testcase classname="&lt;TryItOutButton/&gt; enabled: false has an aria label text: `Try sending an example request`" name="&lt;TryItOutButton/&gt; enabled: false has an aria label text: `Try sending an example request`" time="0.018">
    </testcase>
    <testcase classname="&lt;TryItOutButton/&gt; enabled: false tryOutButton functionality" name="&lt;TryItOutButton/&gt; enabled: false tryOutButton functionality" time="0.057">
    </testcase>
    <testcase classname="&lt;TryItOutButton/&gt; `enabled: true` was rendered" name="&lt;TryItOutButton/&gt; `enabled: true` was rendered" time="0.012">
    </testcase>
    <testcase classname="&lt;TryItOutButton/&gt; `enabled: true` has an aria label text: `Cancel sending an example request`" name="&lt;TryItOutButton/&gt; `enabled: true` has an aria label text: `Cancel sending an example request`" time="0.01">
    </testcase>
    <testcase classname="&lt;TryItOutButton/&gt; `enabled: true` tryOutButton functionality" name="&lt;TryItOutButton/&gt; `enabled: true` tryOutButton functionality" time="0.037">
    </testcase>
  </testsuite>
</testsuites>