<?xml version="1.0" encoding="UTF-8"?>
<testsuites name="jest tests" tests="11" failures="11" errors="0" time="2.395">
  <testsuite name="&lt;SideBar/&gt;" errors="0" failures="11" skipped="0" timestamp="2022-06-24T07:31:34" time="1.68" tests="11">
    <testcase classname="&lt;SideBar/&gt; was rendered" name="&lt;SideBar/&gt; was rendered" time="0.089">
      <failure>Error: Element type is invalid: expected a string (for built-in components) or a class/function (for composite components) but got: undefined. You likely forgot to export your component from the file it&apos;s defined in, or you might have mixed up default and named imports.

Check the render method of `Sidebar`.
    at createFiberFromTypeAndProps (C:\Projects\swagger-ui-kong-theme\node_modules\react-dom\cjs\react-dom.development.js:25058:21)
    at createFiberFromElement (C:\Projects\swagger-ui-kong-theme\node_modules\react-dom\cjs\react-dom.development.js:25086:15)
    at reconcileSingleElement (C:\Projects\swagger-ui-kong-theme\node_modules\react-dom\cjs\react-dom.development.js:14052:23)
    at reconcileChildFibers (C:\Projects\swagger-ui-kong-theme\node_modules\react-dom\cjs\react-dom.development.js:14112:35)
    at reconcileChildren (C:\Projects\swagger-ui-kong-theme\node_modules\react-dom\cjs\react-dom.development.js:16990:28)
    at updateHostComponent (C:\Projects\swagger-ui-kong-theme\node_modules\react-dom\cjs\react-dom.development.js:17632:3)
    at beginWork (C:\Projects\swagger-ui-kong-theme\node_modules\react-dom\cjs\react-dom.development.js:19080:14)
    at HTMLUnknownElement.callCallback (C:\Projects\swagger-ui-kong-theme\node_modules\react-dom\cjs\react-dom.development.js:3945:14)
    at HTMLUnknownElement.callTheUserObjectsOperation (C:\Projects\swagger-ui-kong-theme\node_modules\jsdom\lib\jsdom\living\generated\EventListener.js:26:30)
    at innerInvokeEventListeners (C:\Projects\swagger-ui-kong-theme\node_modules\jsdom\lib\jsdom\living\events\EventTarget-impl.js:340:25)
    at invokeEventListeners (C:\Projects\swagger-ui-kong-theme\node_modules\jsdom\lib\jsdom\living\events\EventTarget-impl.js:276:3)
    at HTMLUnknownElementImpl._dispatch (C:\Projects\swagger-ui-kong-theme\node_modules\jsdom\lib\jsdom\living\events\EventTarget-impl.js:223:9)
    at HTMLUnknownElementImpl.dispatchEvent (C:\Projects\swagger-ui-kong-theme\node_modules\jsdom\lib\jsdom\living\events\EventTarget-impl.js:94:17)
    at HTMLUnknownElement.dispatchEvent (C:\Projects\swagger-ui-kong-theme\node_modules\jsdom\lib\jsdom\living\generated\EventTarget.js:241:34)
    at Object.invokeGuardedCallbackDev (C:\Projects\swagger-ui-kong-theme\node_modules\react-dom\cjs\react-dom.development.js:3994:16)
    at invokeGuardedCallback (C:\Projects\swagger-ui-kong-theme\node_modules\react-dom\cjs\react-dom.development.js:4056:31)
    at beginWork$1 (C:\Projects\swagger-ui-kong-theme\node_modules\react-dom\cjs\react-dom.development.js:23964:7)
    at performUnitOfWork (C:\Projects\swagger-ui-kong-theme\node_modules\react-dom\cjs\react-dom.development.js:22779:12)
    at workLoopSync (C:\Projects\swagger-ui-kong-theme\node_modules\react-dom\cjs\react-dom.development.js:22707:5)
    at renderRootSync (C:\Projects\swagger-ui-kong-theme\node_modules\react-dom\cjs\react-dom.development.js:22670:7)
    at performSyncWorkOnRoot (C:\Projects\swagger-ui-kong-theme\node_modules\react-dom\cjs\react-dom.development.js:22293:18)
    at scheduleUpdateOnFiber (C:\Projects\swagger-ui-kong-theme\node_modules\react-dom\cjs\react-dom.development.js:21881:7)
    at updateContainer (C:\Projects\swagger-ui-kong-theme\node_modules\react-dom\cjs\react-dom.development.js:25482:3)
    at C:\Projects\swagger-ui-kong-theme\node_modules\react-dom\cjs\react-dom.development.js:26021:7
    at unbatchedUpdates (C:\Projects\swagger-ui-kong-theme\node_modules\react-dom\cjs\react-dom.development.js:22431:12)
    at legacyRenderSubtreeIntoContainer (C:\Projects\swagger-ui-kong-theme\node_modules\react-dom\cjs\react-dom.development.js:26020:5)
    at Object.render (C:\Projects\swagger-ui-kong-theme\node_modules\react-dom\cjs\react-dom.development.js:26103:10)
    at C:\Projects\swagger-ui-kong-theme\node_modules\@testing-library\react\dist\pure.js:101:25
    at batchedUpdates$1 (C:\Projects\swagger-ui-kong-theme\node_modules\react-dom\cjs\react-dom.development.js:22380:12)
    at act (C:\Projects\swagger-ui-kong-theme\node_modules\react-dom\cjs\react-dom-test-utils.development.js:1042:14)
    at render (C:\Projects\swagger-ui-kong-theme\node_modules\@testing-library\react\dist\pure.js:97:26)
    at renderComponent (C:\Projects\swagger-ui-kong-theme\test\unit\common\components\Sidebar\Sidebar.test.js:25:33)
    at Object.renderComponent (C:\Projects\swagger-ui-kong-theme\test\unit\common\components\Sidebar\Sidebar.test.js:30:31)
    at Promise.then.completed (C:\Projects\swagger-ui-kong-theme\node_modules\jest-circus\build\utils.js:333:28)
    at new Promise (&lt;anonymous&gt;)
    at callAsyncCircusFn (C:\Projects\swagger-ui-kong-theme\node_modules\jest-circus\build\utils.js:259:10)
    at _callCircusTest (C:\Projects\swagger-ui-kong-theme\node_modules\jest-circus\build\run.js:277:40)
    at processTicksAndRejections (internal/process/task_queues.js:95:5)
    at _runTest (C:\Projects\swagger-ui-kong-theme\node_modules\jest-circus\build\run.js:209:3)
    at _runTestsForDescribeBlock (C:\Projects\swagger-ui-kong-theme\node_modules\jest-circus\build\run.js:97:9)
    at _runTestsForDescribeBlock (C:\Projects\swagger-ui-kong-theme\node_modules\jest-circus\build\run.js:91:9)
    at run (C:\Projects\swagger-ui-kong-theme\node_modules\jest-circus\build\run.js:31:3)
    at runAndTransformResultsToJestFormat (C:\Projects\swagger-ui-kong-theme\node_modules\jest-circus\build\legacy-code-todo-rewrite\jestAdapterInit.js:135:21)
    at jestAdapter (C:\Projects\swagger-ui-kong-theme\node_modules\jest-circus\build\legacy-code-todo-rewrite\jestAdapter.js:92:19)
    at runTestInternal (C:\Projects\swagger-ui-kong-theme\node_modules\jest-runner\build\runTest.js:411:16)
    at runTest (C:\Projects\swagger-ui-kong-theme\node_modules\jest-runner\build\runTest.js:499:34)
    at TestRunner.runTests (C:\Projects\swagger-ui-kong-theme\node_modules\jest-runner\build\index.js:145:12)
    at TestScheduler.scheduleTests (C:\Projects\swagger-ui-kong-theme\node_modules\@jest\core\build\TestScheduler.js:317:13)
    at runJest (C:\Projects\swagger-ui-kong-theme\node_modules\@jest\core\build\runJest.js:407:19)
    at _run10000 (C:\Projects\swagger-ui-kong-theme\node_modules\@jest\core\build\cli\index.js:339:7)
    at runCLI (C:\Projects\swagger-ui-kong-theme\node_modules\@jest\core\build\cli\index.js:190:3)
    at Object.run (C:\Projects\swagger-ui-kong-theme\node_modules\jest-cli\build\cli\index.js:155:37)</failure>
    </testcase>
    <testcase classname="&lt;SideBar/&gt; has className sidebar-toggle" name="&lt;SideBar/&gt; has className sidebar-toggle" time="0.033">
      <failure>Error: Element type is invalid: expected a string (for built-in components) or a class/function (for composite components) but got: undefined. You likely forgot to export your component from the file it&apos;s defined in, or you might have mixed up default and named imports.

Check the render method of `Sidebar`.
    at createFiberFromTypeAndProps (C:\Projects\swagger-ui-kong-theme\node_modules\react-dom\cjs\react-dom.development.js:25058:21)
    at createFiberFromElement (C:\Projects\swagger-ui-kong-theme\node_modules\react-dom\cjs\react-dom.development.js:25086:15)
    at reconcileSingleElement (C:\Projects\swagger-ui-kong-theme\node_modules\react-dom\cjs\react-dom.development.js:14052:23)
    at reconcileChildFibers (C:\Projects\swagger-ui-kong-theme\node_modules\react-dom\cjs\react-dom.development.js:14112:35)
    at reconcileChildren (C:\Projects\swagger-ui-kong-theme\node_modules\react-dom\cjs\react-dom.development.js:16990:28)
    at updateHostComponent (C:\Projects\swagger-ui-kong-theme\node_modules\react-dom\cjs\react-dom.development.js:17632:3)
    at beginWork (C:\Projects\swagger-ui-kong-theme\node_modules\react-dom\cjs\react-dom.development.js:19080:14)
    at HTMLUnknownElement.callCallback (C:\Projects\swagger-ui-kong-theme\node_modules\react-dom\cjs\react-dom.development.js:3945:14)
    at HTMLUnknownElement.callTheUserObjectsOperation (C:\Projects\swagger-ui-kong-theme\node_modules\jsdom\lib\jsdom\living\generated\EventListener.js:26:30)
    at innerInvokeEventListeners (C:\Projects\swagger-ui-kong-theme\node_modules\jsdom\lib\jsdom\living\events\EventTarget-impl.js:340:25)
    at invokeEventListeners (C:\Projects\swagger-ui-kong-theme\node_modules\jsdom\lib\jsdom\living\events\EventTarget-impl.js:276:3)
    at HTMLUnknownElementImpl._dispatch (C:\Projects\swagger-ui-kong-theme\node_modules\jsdom\lib\jsdom\living\events\EventTarget-impl.js:223:9)
    at HTMLUnknownElementImpl.dispatchEvent (C:\Projects\swagger-ui-kong-theme\node_modules\jsdom\lib\jsdom\living\events\EventTarget-impl.js:94:17)
    at HTMLUnknownElement.dispatchEvent (C:\Projects\swagger-ui-kong-theme\node_modules\jsdom\lib\jsdom\living\generated\EventTarget.js:241:34)
    at Object.invokeGuardedCallbackDev (C:\Projects\swagger-ui-kong-theme\node_modules\react-dom\cjs\react-dom.development.js:3994:16)
    at invokeGuardedCallback (C:\Projects\swagger-ui-kong-theme\node_modules\react-dom\cjs\react-dom.development.js:4056:31)
    at beginWork$1 (C:\Projects\swagger-ui-kong-theme\node_modules\react-dom\cjs\react-dom.development.js:23964:7)
    at performUnitOfWork (C:\Projects\swagger-ui-kong-theme\node_modules\react-dom\cjs\react-dom.development.js:22779:12)
    at workLoopSync (C:\Projects\swagger-ui-kong-theme\node_modules\react-dom\cjs\react-dom.development.js:22707:5)
    at renderRootSync (C:\Projects\swagger-ui-kong-theme\node_modules\react-dom\cjs\react-dom.development.js:22670:7)
    at performSyncWorkOnRoot (C:\Projects\swagger-ui-kong-theme\node_modules\react-dom\cjs\react-dom.development.js:22293:18)
    at scheduleUpdateOnFiber (C:\Projects\swagger-ui-kong-theme\node_modules\react-dom\cjs\react-dom.development.js:21881:7)
    at updateContainer (C:\Projects\swagger-ui-kong-theme\node_modules\react-dom\cjs\react-dom.development.js:25482:3)
    at C:\Projects\swagger-ui-kong-theme\node_modules\react-dom\cjs\react-dom.development.js:26021:7
    at unbatchedUpdates (C:\Projects\swagger-ui-kong-theme\node_modules\react-dom\cjs\react-dom.development.js:22431:12)
    at legacyRenderSubtreeIntoContainer (C:\Projects\swagger-ui-kong-theme\node_modules\react-dom\cjs\react-dom.development.js:26020:5)
    at Object.render (C:\Projects\swagger-ui-kong-theme\node_modules\react-dom\cjs\react-dom.development.js:26103:10)
    at C:\Projects\swagger-ui-kong-theme\node_modules\@testing-library\react\dist\pure.js:101:25
    at batchedUpdates$1 (C:\Projects\swagger-ui-kong-theme\node_modules\react-dom\cjs\react-dom.development.js:22380:12)
    at act (C:\Projects\swagger-ui-kong-theme\node_modules\react-dom\cjs\react-dom-test-utils.development.js:1042:14)
    at render (C:\Projects\swagger-ui-kong-theme\node_modules\@testing-library\react\dist\pure.js:97:26)
    at renderComponent (C:\Projects\swagger-ui-kong-theme\test\unit\common\components\Sidebar\Sidebar.test.js:25:33)
    at Object.renderComponent (C:\Projects\swagger-ui-kong-theme\test\unit\common\components\Sidebar\Sidebar.test.js:35:31)
    at Promise.then.completed (C:\Projects\swagger-ui-kong-theme\node_modules\jest-circus\build\utils.js:333:28)
    at new Promise (&lt;anonymous&gt;)
    at callAsyncCircusFn (C:\Projects\swagger-ui-kong-theme\node_modules\jest-circus\build\utils.js:259:10)
    at _callCircusTest (C:\Projects\swagger-ui-kong-theme\node_modules\jest-circus\build\run.js:277:40)
    at processTicksAndRejections (internal/process/task_queues.js:95:5)
    at _runTest (C:\Projects\swagger-ui-kong-theme\node_modules\jest-circus\build\run.js:209:3)
    at _runTestsForDescribeBlock (C:\Projects\swagger-ui-kong-theme\node_modules\jest-circus\build\run.js:97:9)
    at _runTestsForDescribeBlock (C:\Projects\swagger-ui-kong-theme\node_modules\jest-circus\build\run.js:91:9)
    at run (C:\Projects\swagger-ui-kong-theme\node_modules\jest-circus\build\run.js:31:3)
    at runAndTransformResultsToJestFormat (C:\Projects\swagger-ui-kong-theme\node_modules\jest-circus\build\legacy-code-todo-rewrite\jestAdapterInit.js:135:21)
    at jestAdapter (C:\Projects\swagger-ui-kong-theme\node_modules\jest-circus\build\legacy-code-todo-rewrite\jestAdapter.js:92:19)
    at runTestInternal (C:\Projects\swagger-ui-kong-theme\node_modules\jest-runner\build\runTest.js:411:16)
    at runTest (C:\Projects\swagger-ui-kong-theme\node_modules\jest-runner\build\runTest.js:499:34)
    at TestRunner.runTests (C:\Projects\swagger-ui-kong-theme\node_modules\jest-runner\build\index.js:145:12)
    at TestScheduler.scheduleTests (C:\Projects\swagger-ui-kong-theme\node_modules\@jest\core\build\TestScheduler.js:317:13)
    at runJest (C:\Projects\swagger-ui-kong-theme\node_modules\@jest\core\build\runJest.js:407:19)
    at _run10000 (C:\Projects\swagger-ui-kong-theme\node_modules\@jest\core\build\cli\index.js:339:7)
    at runCLI (C:\Projects\swagger-ui-kong-theme\node_modules\@jest\core\build\cli\index.js:190:3)
    at Object.run (C:\Projects\swagger-ui-kong-theme\node_modules\jest-cli\build\cli\index.js:155:37)</failure>
    </testcase>
    <testcase classname="&lt;SideBar/&gt; has a role button" name="&lt;SideBar/&gt; has a role button" time="0.032">
      <failure>Error: Element type is invalid: expected a string (for built-in components) or a class/function (for composite components) but got: undefined. You likely forgot to export your component from the file it&apos;s defined in, or you might have mixed up default and named imports.

Check the render method of `Sidebar`.
    at createFiberFromTypeAndProps (C:\Projects\swagger-ui-kong-theme\node_modules\react-dom\cjs\react-dom.development.js:25058:21)
    at createFiberFromElement (C:\Projects\swagger-ui-kong-theme\node_modules\react-dom\cjs\react-dom.development.js:25086:15)
    at reconcileSingleElement (C:\Projects\swagger-ui-kong-theme\node_modules\react-dom\cjs\react-dom.development.js:14052:23)
    at reconcileChildFibers (C:\Projects\swagger-ui-kong-theme\node_modules\react-dom\cjs\react-dom.development.js:14112:35)
    at reconcileChildren (C:\Projects\swagger-ui-kong-theme\node_modules\react-dom\cjs\react-dom.development.js:16990:28)
    at updateHostComponent (C:\Projects\swagger-ui-kong-theme\node_modules\react-dom\cjs\react-dom.development.js:17632:3)
    at beginWork (C:\Projects\swagger-ui-kong-theme\node_modules\react-dom\cjs\react-dom.development.js:19080:14)
    at HTMLUnknownElement.callCallback (C:\Projects\swagger-ui-kong-theme\node_modules\react-dom\cjs\react-dom.development.js:3945:14)
    at HTMLUnknownElement.callTheUserObjectsOperation (C:\Projects\swagger-ui-kong-theme\node_modules\jsdom\lib\jsdom\living\generated\EventListener.js:26:30)
    at innerInvokeEventListeners (C:\Projects\swagger-ui-kong-theme\node_modules\jsdom\lib\jsdom\living\events\EventTarget-impl.js:340:25)
    at invokeEventListeners (C:\Projects\swagger-ui-kong-theme\node_modules\jsdom\lib\jsdom\living\events\EventTarget-impl.js:276:3)
    at HTMLUnknownElementImpl._dispatch (C:\Projects\swagger-ui-kong-theme\node_modules\jsdom\lib\jsdom\living\events\EventTarget-impl.js:223:9)
    at HTMLUnknownElementImpl.dispatchEvent (C:\Projects\swagger-ui-kong-theme\node_modules\jsdom\lib\jsdom\living\events\EventTarget-impl.js:94:17)
    at HTMLUnknownElement.dispatchEvent (C:\Projects\swagger-ui-kong-theme\node_modules\jsdom\lib\jsdom\living\generated\EventTarget.js:241:34)
    at Object.invokeGuardedCallbackDev (C:\Projects\swagger-ui-kong-theme\node_modules\react-dom\cjs\react-dom.development.js:3994:16)
    at invokeGuardedCallback (C:\Projects\swagger-ui-kong-theme\node_modules\react-dom\cjs\react-dom.development.js:4056:31)
    at beginWork$1 (C:\Projects\swagger-ui-kong-theme\node_modules\react-dom\cjs\react-dom.development.js:23964:7)
    at performUnitOfWork (C:\Projects\swagger-ui-kong-theme\node_modules\react-dom\cjs\react-dom.development.js:22779:12)
    at workLoopSync (C:\Projects\swagger-ui-kong-theme\node_modules\react-dom\cjs\react-dom.development.js:22707:5)
    at renderRootSync (C:\Projects\swagger-ui-kong-theme\node_modules\react-dom\cjs\react-dom.development.js:22670:7)
    at performSyncWorkOnRoot (C:\Projects\swagger-ui-kong-theme\node_modules\react-dom\cjs\react-dom.development.js:22293:18)
    at scheduleUpdateOnFiber (C:\Projects\swagger-ui-kong-theme\node_modules\react-dom\cjs\react-dom.development.js:21881:7)
    at updateContainer (C:\Projects\swagger-ui-kong-theme\node_modules\react-dom\cjs\react-dom.development.js:25482:3)
    at C:\Projects\swagger-ui-kong-theme\node_modules\react-dom\cjs\react-dom.development.js:26021:7
    at unbatchedUpdates (C:\Projects\swagger-ui-kong-theme\node_modules\react-dom\cjs\react-dom.development.js:22431:12)
    at legacyRenderSubtreeIntoContainer (C:\Projects\swagger-ui-kong-theme\node_modules\react-dom\cjs\react-dom.development.js:26020:5)
    at Object.render (C:\Projects\swagger-ui-kong-theme\node_modules\react-dom\cjs\react-dom.development.js:26103:10)
    at C:\Projects\swagger-ui-kong-theme\node_modules\@testing-library\react\dist\pure.js:101:25
    at batchedUpdates$1 (C:\Projects\swagger-ui-kong-theme\node_modules\react-dom\cjs\react-dom.development.js:22380:12)
    at act (C:\Projects\swagger-ui-kong-theme\node_modules\react-dom\cjs\react-dom-test-utils.development.js:1042:14)
    at render (C:\Projects\swagger-ui-kong-theme\node_modules\@testing-library\react\dist\pure.js:97:26)
    at renderComponent (C:\Projects\swagger-ui-kong-theme\test\unit\common\components\Sidebar\Sidebar.test.js:25:33)
    at Object.renderComponent (C:\Projects\swagger-ui-kong-theme\test\unit\common\components\Sidebar\Sidebar.test.js:41:13)
    at Promise.then.completed (C:\Projects\swagger-ui-kong-theme\node_modules\jest-circus\build\utils.js:333:28)
    at new Promise (&lt;anonymous&gt;)
    at callAsyncCircusFn (C:\Projects\swagger-ui-kong-theme\node_modules\jest-circus\build\utils.js:259:10)
    at _callCircusTest (C:\Projects\swagger-ui-kong-theme\node_modules\jest-circus\build\run.js:277:40)
    at processTicksAndRejections (internal/process/task_queues.js:95:5)
    at _runTest (C:\Projects\swagger-ui-kong-theme\node_modules\jest-circus\build\run.js:209:3)
    at _runTestsForDescribeBlock (C:\Projects\swagger-ui-kong-theme\node_modules\jest-circus\build\run.js:97:9)
    at _runTestsForDescribeBlock (C:\Projects\swagger-ui-kong-theme\node_modules\jest-circus\build\run.js:91:9)
    at run (C:\Projects\swagger-ui-kong-theme\node_modules\jest-circus\build\run.js:31:3)
    at runAndTransformResultsToJestFormat (C:\Projects\swagger-ui-kong-theme\node_modules\jest-circus\build\legacy-code-todo-rewrite\jestAdapterInit.js:135:21)
    at jestAdapter (C:\Projects\swagger-ui-kong-theme\node_modules\jest-circus\build\legacy-code-todo-rewrite\jestAdapter.js:92:19)
    at runTestInternal (C:\Projects\swagger-ui-kong-theme\node_modules\jest-runner\build\runTest.js:411:16)
    at runTest (C:\Projects\swagger-ui-kong-theme\node_modules\jest-runner\build\runTest.js:499:34)
    at TestRunner.runTests (C:\Projects\swagger-ui-kong-theme\node_modules\jest-runner\build\index.js:145:12)
    at TestScheduler.scheduleTests (C:\Projects\swagger-ui-kong-theme\node_modules\@jest\core\build\TestScheduler.js:317:13)
    at runJest (C:\Projects\swagger-ui-kong-theme\node_modules\@jest\core\build\runJest.js:407:19)
    at _run10000 (C:\Projects\swagger-ui-kong-theme\node_modules\@jest\core\build\cli\index.js:339:7)
    at runCLI (C:\Projects\swagger-ui-kong-theme\node_modules\@jest\core\build\cli\index.js:190:3)
    at Object.run (C:\Projects\swagger-ui-kong-theme\node_modules\jest-cli\build\cli\index.js:155:37)</failure>
    </testcase>
    <testcase classname="&lt;SideBar/&gt; has `Open Sidebar` title" name="&lt;SideBar/&gt; has `Open Sidebar` title" time="0.03">
      <failure>Error: Element type is invalid: expected a string (for built-in components) or a class/function (for composite components) but got: undefined. You likely forgot to export your component from the file it&apos;s defined in, or you might have mixed up default and named imports.

Check the render method of `Sidebar`.
    at createFiberFromTypeAndProps (C:\Projects\swagger-ui-kong-theme\node_modules\react-dom\cjs\react-dom.development.js:25058:21)
    at createFiberFromElement (C:\Projects\swagger-ui-kong-theme\node_modules\react-dom\cjs\react-dom.development.js:25086:15)
    at reconcileSingleElement (C:\Projects\swagger-ui-kong-theme\node_modules\react-dom\cjs\react-dom.development.js:14052:23)
    at reconcileChildFibers (C:\Projects\swagger-ui-kong-theme\node_modules\react-dom\cjs\react-dom.development.js:14112:35)
    at reconcileChildren (C:\Projects\swagger-ui-kong-theme\node_modules\react-dom\cjs\react-dom.development.js:16990:28)
    at updateHostComponent (C:\Projects\swagger-ui-kong-theme\node_modules\react-dom\cjs\react-dom.development.js:17632:3)
    at beginWork (C:\Projects\swagger-ui-kong-theme\node_modules\react-dom\cjs\react-dom.development.js:19080:14)
    at HTMLUnknownElement.callCallback (C:\Projects\swagger-ui-kong-theme\node_modules\react-dom\cjs\react-dom.development.js:3945:14)
    at HTMLUnknownElement.callTheUserObjectsOperation (C:\Projects\swagger-ui-kong-theme\node_modules\jsdom\lib\jsdom\living\generated\EventListener.js:26:30)
    at innerInvokeEventListeners (C:\Projects\swagger-ui-kong-theme\node_modules\jsdom\lib\jsdom\living\events\EventTarget-impl.js:340:25)
    at invokeEventListeners (C:\Projects\swagger-ui-kong-theme\node_modules\jsdom\lib\jsdom\living\events\EventTarget-impl.js:276:3)
    at HTMLUnknownElementImpl._dispatch (C:\Projects\swagger-ui-kong-theme\node_modules\jsdom\lib\jsdom\living\events\EventTarget-impl.js:223:9)
    at HTMLUnknownElementImpl.dispatchEvent (C:\Projects\swagger-ui-kong-theme\node_modules\jsdom\lib\jsdom\living\events\EventTarget-impl.js:94:17)
    at HTMLUnknownElement.dispatchEvent (C:\Projects\swagger-ui-kong-theme\node_modules\jsdom\lib\jsdom\living\generated\EventTarget.js:241:34)
    at Object.invokeGuardedCallbackDev (C:\Projects\swagger-ui-kong-theme\node_modules\react-dom\cjs\react-dom.development.js:3994:16)
    at invokeGuardedCallback (C:\Projects\swagger-ui-kong-theme\node_modules\react-dom\cjs\react-dom.development.js:4056:31)
    at beginWork$1 (C:\Projects\swagger-ui-kong-theme\node_modules\react-dom\cjs\react-dom.development.js:23964:7)
    at performUnitOfWork (C:\Projects\swagger-ui-kong-theme\node_modules\react-dom\cjs\react-dom.development.js:22779:12)
    at workLoopSync (C:\Projects\swagger-ui-kong-theme\node_modules\react-dom\cjs\react-dom.development.js:22707:5)
    at renderRootSync (C:\Projects\swagger-ui-kong-theme\node_modules\react-dom\cjs\react-dom.development.js:22670:7)
    at performSyncWorkOnRoot (C:\Projects\swagger-ui-kong-theme\node_modules\react-dom\cjs\react-dom.development.js:22293:18)
    at scheduleUpdateOnFiber (C:\Projects\swagger-ui-kong-theme\node_modules\react-dom\cjs\react-dom.development.js:21881:7)
    at updateContainer (C:\Projects\swagger-ui-kong-theme\node_modules\react-dom\cjs\react-dom.development.js:25482:3)
    at C:\Projects\swagger-ui-kong-theme\node_modules\react-dom\cjs\react-dom.development.js:26021:7
    at unbatchedUpdates (C:\Projects\swagger-ui-kong-theme\node_modules\react-dom\cjs\react-dom.development.js:22431:12)
    at legacyRenderSubtreeIntoContainer (C:\Projects\swagger-ui-kong-theme\node_modules\react-dom\cjs\react-dom.development.js:26020:5)
    at Object.render (C:\Projects\swagger-ui-kong-theme\node_modules\react-dom\cjs\react-dom.development.js:26103:10)
    at C:\Projects\swagger-ui-kong-theme\node_modules\@testing-library\react\dist\pure.js:101:25
    at batchedUpdates$1 (C:\Projects\swagger-ui-kong-theme\node_modules\react-dom\cjs\react-dom.development.js:22380:12)
    at act (C:\Projects\swagger-ui-kong-theme\node_modules\react-dom\cjs\react-dom-test-utils.development.js:1042:14)
    at render (C:\Projects\swagger-ui-kong-theme\node_modules\@testing-library\react\dist\pure.js:97:26)
    at renderComponent (C:\Projects\swagger-ui-kong-theme\test\unit\common\components\Sidebar\Sidebar.test.js:25:33)
    at Object.renderComponent (C:\Projects\swagger-ui-kong-theme\test\unit\common\components\Sidebar\Sidebar.test.js:47:13)
    at Promise.then.completed (C:\Projects\swagger-ui-kong-theme\node_modules\jest-circus\build\utils.js:333:28)
    at new Promise (&lt;anonymous&gt;)
    at callAsyncCircusFn (C:\Projects\swagger-ui-kong-theme\node_modules\jest-circus\build\utils.js:259:10)
    at _callCircusTest (C:\Projects\swagger-ui-kong-theme\node_modules\jest-circus\build\run.js:277:40)
    at processTicksAndRejections (internal/process/task_queues.js:95:5)
    at _runTest (C:\Projects\swagger-ui-kong-theme\node_modules\jest-circus\build\run.js:209:3)
    at _runTestsForDescribeBlock (C:\Projects\swagger-ui-kong-theme\node_modules\jest-circus\build\run.js:97:9)
    at _runTestsForDescribeBlock (C:\Projects\swagger-ui-kong-theme\node_modules\jest-circus\build\run.js:91:9)
    at run (C:\Projects\swagger-ui-kong-theme\node_modules\jest-circus\build\run.js:31:3)
    at runAndTransformResultsToJestFormat (C:\Projects\swagger-ui-kong-theme\node_modules\jest-circus\build\legacy-code-todo-rewrite\jestAdapterInit.js:135:21)
    at jestAdapter (C:\Projects\swagger-ui-kong-theme\node_modules\jest-circus\build\legacy-code-todo-rewrite\jestAdapter.js:92:19)
    at runTestInternal (C:\Projects\swagger-ui-kong-theme\node_modules\jest-runner\build\runTest.js:411:16)
    at runTest (C:\Projects\swagger-ui-kong-theme\node_modules\jest-runner\build\runTest.js:499:34)
    at TestRunner.runTests (C:\Projects\swagger-ui-kong-theme\node_modules\jest-runner\build\index.js:145:12)
    at TestScheduler.scheduleTests (C:\Projects\swagger-ui-kong-theme\node_modules\@jest\core\build\TestScheduler.js:317:13)
    at runJest (C:\Projects\swagger-ui-kong-theme\node_modules\@jest\core\build\runJest.js:407:19)
    at _run10000 (C:\Projects\swagger-ui-kong-theme\node_modules\@jest\core\build\cli\index.js:339:7)
    at runCLI (C:\Projects\swagger-ui-kong-theme\node_modules\@jest\core\build\cli\index.js:190:3)
    at Object.run (C:\Projects\swagger-ui-kong-theme\node_modules\jest-cli\build\cli\index.js:155:37)</failure>
    </testcase>
    <testcase classname="&lt;SideBar/&gt; can be clicked on &amp; opened" name="&lt;SideBar/&gt; can be clicked on &amp; opened" time="0.036">
      <failure>Error: Element type is invalid: expected a string (for built-in components) or a class/function (for composite components) but got: undefined. You likely forgot to export your component from the file it&apos;s defined in, or you might have mixed up default and named imports.

Check the render method of `Sidebar`.
    at createFiberFromTypeAndProps (C:\Projects\swagger-ui-kong-theme\node_modules\react-dom\cjs\react-dom.development.js:25058:21)
    at createFiberFromElement (C:\Projects\swagger-ui-kong-theme\node_modules\react-dom\cjs\react-dom.development.js:25086:15)
    at reconcileSingleElement (C:\Projects\swagger-ui-kong-theme\node_modules\react-dom\cjs\react-dom.development.js:14052:23)
    at reconcileChildFibers (C:\Projects\swagger-ui-kong-theme\node_modules\react-dom\cjs\react-dom.development.js:14112:35)
    at reconcileChildren (C:\Projects\swagger-ui-kong-theme\node_modules\react-dom\cjs\react-dom.development.js:16990:28)
    at updateHostComponent (C:\Projects\swagger-ui-kong-theme\node_modules\react-dom\cjs\react-dom.development.js:17632:3)
    at beginWork (C:\Projects\swagger-ui-kong-theme\node_modules\react-dom\cjs\react-dom.development.js:19080:14)
    at HTMLUnknownElement.callCallback (C:\Projects\swagger-ui-kong-theme\node_modules\react-dom\cjs\react-dom.development.js:3945:14)
    at HTMLUnknownElement.callTheUserObjectsOperation (C:\Projects\swagger-ui-kong-theme\node_modules\jsdom\lib\jsdom\living\generated\EventListener.js:26:30)
    at innerInvokeEventListeners (C:\Projects\swagger-ui-kong-theme\node_modules\jsdom\lib\jsdom\living\events\EventTarget-impl.js:340:25)
    at invokeEventListeners (C:\Projects\swagger-ui-kong-theme\node_modules\jsdom\lib\jsdom\living\events\EventTarget-impl.js:276:3)
    at HTMLUnknownElementImpl._dispatch (C:\Projects\swagger-ui-kong-theme\node_modules\jsdom\lib\jsdom\living\events\EventTarget-impl.js:223:9)
    at HTMLUnknownElementImpl.dispatchEvent (C:\Projects\swagger-ui-kong-theme\node_modules\jsdom\lib\jsdom\living\events\EventTarget-impl.js:94:17)
    at HTMLUnknownElement.dispatchEvent (C:\Projects\swagger-ui-kong-theme\node_modules\jsdom\lib\jsdom\living\generated\EventTarget.js:241:34)
    at Object.invokeGuardedCallbackDev (C:\Projects\swagger-ui-kong-theme\node_modules\react-dom\cjs\react-dom.development.js:3994:16)
    at invokeGuardedCallback (C:\Projects\swagger-ui-kong-theme\node_modules\react-dom\cjs\react-dom.development.js:4056:31)
    at beginWork$1 (C:\Projects\swagger-ui-kong-theme\node_modules\react-dom\cjs\react-dom.development.js:23964:7)
    at performUnitOfWork (C:\Projects\swagger-ui-kong-theme\node_modules\react-dom\cjs\react-dom.development.js:22779:12)
    at workLoopSync (C:\Projects\swagger-ui-kong-theme\node_modules\react-dom\cjs\react-dom.development.js:22707:5)
    at renderRootSync (C:\Projects\swagger-ui-kong-theme\node_modules\react-dom\cjs\react-dom.development.js:22670:7)
    at performSyncWorkOnRoot (C:\Projects\swagger-ui-kong-theme\node_modules\react-dom\cjs\react-dom.development.js:22293:18)
    at scheduleUpdateOnFiber (C:\Projects\swagger-ui-kong-theme\node_modules\react-dom\cjs\react-dom.development.js:21881:7)
    at updateContainer (C:\Projects\swagger-ui-kong-theme\node_modules\react-dom\cjs\react-dom.development.js:25482:3)
    at C:\Projects\swagger-ui-kong-theme\node_modules\react-dom\cjs\react-dom.development.js:26021:7
    at unbatchedUpdates (C:\Projects\swagger-ui-kong-theme\node_modules\react-dom\cjs\react-dom.development.js:22431:12)
    at legacyRenderSubtreeIntoContainer (C:\Projects\swagger-ui-kong-theme\node_modules\react-dom\cjs\react-dom.development.js:26020:5)
    at Object.render (C:\Projects\swagger-ui-kong-theme\node_modules\react-dom\cjs\react-dom.development.js:26103:10)
    at C:\Projects\swagger-ui-kong-theme\node_modules\@testing-library\react\dist\pure.js:101:25
    at batchedUpdates$1 (C:\Projects\swagger-ui-kong-theme\node_modules\react-dom\cjs\react-dom.development.js:22380:12)
    at act (C:\Projects\swagger-ui-kong-theme\node_modules\react-dom\cjs\react-dom-test-utils.development.js:1042:14)
    at render (C:\Projects\swagger-ui-kong-theme\node_modules\@testing-library\react\dist\pure.js:97:26)
    at renderComponent (C:\Projects\swagger-ui-kong-theme\test\unit\common\components\Sidebar\Sidebar.test.js:25:33)
    at Object.renderComponent (C:\Projects\swagger-ui-kong-theme\test\unit\common\components\Sidebar\Sidebar.test.js:53:13)
    at Promise.then.completed (C:\Projects\swagger-ui-kong-theme\node_modules\jest-circus\build\utils.js:333:28)
    at new Promise (&lt;anonymous&gt;)
    at callAsyncCircusFn (C:\Projects\swagger-ui-kong-theme\node_modules\jest-circus\build\utils.js:259:10)
    at _callCircusTest (C:\Projects\swagger-ui-kong-theme\node_modules\jest-circus\build\run.js:277:40)
    at processTicksAndRejections (internal/process/task_queues.js:95:5)
    at _runTest (C:\Projects\swagger-ui-kong-theme\node_modules\jest-circus\build\run.js:209:3)
    at _runTestsForDescribeBlock (C:\Projects\swagger-ui-kong-theme\node_modules\jest-circus\build\run.js:97:9)
    at _runTestsForDescribeBlock (C:\Projects\swagger-ui-kong-theme\node_modules\jest-circus\build\run.js:91:9)
    at run (C:\Projects\swagger-ui-kong-theme\node_modules\jest-circus\build\run.js:31:3)
    at runAndTransformResultsToJestFormat (C:\Projects\swagger-ui-kong-theme\node_modules\jest-circus\build\legacy-code-todo-rewrite\jestAdapterInit.js:135:21)
    at jestAdapter (C:\Projects\swagger-ui-kong-theme\node_modules\jest-circus\build\legacy-code-todo-rewrite\jestAdapter.js:92:19)
    at runTestInternal (C:\Projects\swagger-ui-kong-theme\node_modules\jest-runner\build\runTest.js:411:16)
    at runTest (C:\Projects\swagger-ui-kong-theme\node_modules\jest-runner\build\runTest.js:499:34)
    at TestRunner.runTests (C:\Projects\swagger-ui-kong-theme\node_modules\jest-runner\build\index.js:145:12)
    at TestScheduler.scheduleTests (C:\Projects\swagger-ui-kong-theme\node_modules\@jest\core\build\TestScheduler.js:317:13)
    at runJest (C:\Projects\swagger-ui-kong-theme\node_modules\@jest\core\build\runJest.js:407:19)
    at _run10000 (C:\Projects\swagger-ui-kong-theme\node_modules\@jest\core\build\cli\index.js:339:7)
    at runCLI (C:\Projects\swagger-ui-kong-theme\node_modules\@jest\core\build\cli\index.js:190:3)
    at Object.run (C:\Projects\swagger-ui-kong-theme\node_modules\jest-cli\build\cli\index.js:155:37)</failure>
    </testcase>
    <testcase classname="&lt;SideBar/&gt; has correct classname" name="&lt;SideBar/&gt; has correct classname" time="0.045">
      <failure>Error: Element type is invalid: expected a string (for built-in components) or a class/function (for composite components) but got: undefined. You likely forgot to export your component from the file it&apos;s defined in, or you might have mixed up default and named imports.

Check the render method of `Sidebar`.
    at createFiberFromTypeAndProps (C:\Projects\swagger-ui-kong-theme\node_modules\react-dom\cjs\react-dom.development.js:25058:21)
    at createFiberFromElement (C:\Projects\swagger-ui-kong-theme\node_modules\react-dom\cjs\react-dom.development.js:25086:15)
    at reconcileSingleElement (C:\Projects\swagger-ui-kong-theme\node_modules\react-dom\cjs\react-dom.development.js:14052:23)
    at reconcileChildFibers (C:\Projects\swagger-ui-kong-theme\node_modules\react-dom\cjs\react-dom.development.js:14112:35)
    at reconcileChildren (C:\Projects\swagger-ui-kong-theme\node_modules\react-dom\cjs\react-dom.development.js:16990:28)
    at updateHostComponent (C:\Projects\swagger-ui-kong-theme\node_modules\react-dom\cjs\react-dom.development.js:17632:3)
    at beginWork (C:\Projects\swagger-ui-kong-theme\node_modules\react-dom\cjs\react-dom.development.js:19080:14)
    at HTMLUnknownElement.callCallback (C:\Projects\swagger-ui-kong-theme\node_modules\react-dom\cjs\react-dom.development.js:3945:14)
    at HTMLUnknownElement.callTheUserObjectsOperation (C:\Projects\swagger-ui-kong-theme\node_modules\jsdom\lib\jsdom\living\generated\EventListener.js:26:30)
    at innerInvokeEventListeners (C:\Projects\swagger-ui-kong-theme\node_modules\jsdom\lib\jsdom\living\events\EventTarget-impl.js:340:25)
    at invokeEventListeners (C:\Projects\swagger-ui-kong-theme\node_modules\jsdom\lib\jsdom\living\events\EventTarget-impl.js:276:3)
    at HTMLUnknownElementImpl._dispatch (C:\Projects\swagger-ui-kong-theme\node_modules\jsdom\lib\jsdom\living\events\EventTarget-impl.js:223:9)
    at HTMLUnknownElementImpl.dispatchEvent (C:\Projects\swagger-ui-kong-theme\node_modules\jsdom\lib\jsdom\living\events\EventTarget-impl.js:94:17)
    at HTMLUnknownElement.dispatchEvent (C:\Projects\swagger-ui-kong-theme\node_modules\jsdom\lib\jsdom\living\generated\EventTarget.js:241:34)
    at Object.invokeGuardedCallbackDev (C:\Projects\swagger-ui-kong-theme\node_modules\react-dom\cjs\react-dom.development.js:3994:16)
    at invokeGuardedCallback (C:\Projects\swagger-ui-kong-theme\node_modules\react-dom\cjs\react-dom.development.js:4056:31)
    at beginWork$1 (C:\Projects\swagger-ui-kong-theme\node_modules\react-dom\cjs\react-dom.development.js:23964:7)
    at performUnitOfWork (C:\Projects\swagger-ui-kong-theme\node_modules\react-dom\cjs\react-dom.development.js:22779:12)
    at workLoopSync (C:\Projects\swagger-ui-kong-theme\node_modules\react-dom\cjs\react-dom.development.js:22707:5)
    at renderRootSync (C:\Projects\swagger-ui-kong-theme\node_modules\react-dom\cjs\react-dom.development.js:22670:7)
    at performSyncWorkOnRoot (C:\Projects\swagger-ui-kong-theme\node_modules\react-dom\cjs\react-dom.development.js:22293:18)
    at scheduleUpdateOnFiber (C:\Projects\swagger-ui-kong-theme\node_modules\react-dom\cjs\react-dom.development.js:21881:7)
    at updateContainer (C:\Projects\swagger-ui-kong-theme\node_modules\react-dom\cjs\react-dom.development.js:25482:3)
    at C:\Projects\swagger-ui-kong-theme\node_modules\react-dom\cjs\react-dom.development.js:26021:7
    at unbatchedUpdates (C:\Projects\swagger-ui-kong-theme\node_modules\react-dom\cjs\react-dom.development.js:22431:12)
    at legacyRenderSubtreeIntoContainer (C:\Projects\swagger-ui-kong-theme\node_modules\react-dom\cjs\react-dom.development.js:26020:5)
    at Object.render (C:\Projects\swagger-ui-kong-theme\node_modules\react-dom\cjs\react-dom.development.js:26103:10)
    at C:\Projects\swagger-ui-kong-theme\node_modules\@testing-library\react\dist\pure.js:101:25
    at batchedUpdates$1 (C:\Projects\swagger-ui-kong-theme\node_modules\react-dom\cjs\react-dom.development.js:22380:12)
    at act (C:\Projects\swagger-ui-kong-theme\node_modules\react-dom\cjs\react-dom-test-utils.development.js:1042:14)
    at render (C:\Projects\swagger-ui-kong-theme\node_modules\@testing-library\react\dist\pure.js:97:26)
    at renderComponent (C:\Projects\swagger-ui-kong-theme\test\unit\common\components\Sidebar\Sidebar.test.js:25:33)
    at Object.renderComponent (C:\Projects\swagger-ui-kong-theme\test\unit\common\components\Sidebar\Sidebar.test.js:61:31)
    at Promise.then.completed (C:\Projects\swagger-ui-kong-theme\node_modules\jest-circus\build\utils.js:333:28)
    at new Promise (&lt;anonymous&gt;)
    at callAsyncCircusFn (C:\Projects\swagger-ui-kong-theme\node_modules\jest-circus\build\utils.js:259:10)
    at _callCircusTest (C:\Projects\swagger-ui-kong-theme\node_modules\jest-circus\build\run.js:277:40)
    at processTicksAndRejections (internal/process/task_queues.js:95:5)
    at _runTest (C:\Projects\swagger-ui-kong-theme\node_modules\jest-circus\build\run.js:209:3)
    at _runTestsForDescribeBlock (C:\Projects\swagger-ui-kong-theme\node_modules\jest-circus\build\run.js:97:9)
    at _runTestsForDescribeBlock (C:\Projects\swagger-ui-kong-theme\node_modules\jest-circus\build\run.js:91:9)
    at run (C:\Projects\swagger-ui-kong-theme\node_modules\jest-circus\build\run.js:31:3)
    at runAndTransformResultsToJestFormat (C:\Projects\swagger-ui-kong-theme\node_modules\jest-circus\build\legacy-code-todo-rewrite\jestAdapterInit.js:135:21)
    at jestAdapter (C:\Projects\swagger-ui-kong-theme\node_modules\jest-circus\build\legacy-code-todo-rewrite\jestAdapter.js:92:19)
    at runTestInternal (C:\Projects\swagger-ui-kong-theme\node_modules\jest-runner\build\runTest.js:411:16)
    at runTest (C:\Projects\swagger-ui-kong-theme\node_modules\jest-runner\build\runTest.js:499:34)
    at TestRunner.runTests (C:\Projects\swagger-ui-kong-theme\node_modules\jest-runner\build\index.js:145:12)
    at TestScheduler.scheduleTests (C:\Projects\swagger-ui-kong-theme\node_modules\@jest\core\build\TestScheduler.js:317:13)
    at runJest (C:\Projects\swagger-ui-kong-theme\node_modules\@jest\core\build\runJest.js:407:19)
    at _run10000 (C:\Projects\swagger-ui-kong-theme\node_modules\@jest\core\build\cli\index.js:339:7)
    at runCLI (C:\Projects\swagger-ui-kong-theme\node_modules\@jest\core\build\cli\index.js:190:3)
    at Object.run (C:\Projects\swagger-ui-kong-theme\node_modules\jest-cli\build\cli\index.js:155:37)</failure>
    </testcase>
    <testcase classname="&lt;SideBar/&gt; can be clicked &amp; closed" name="&lt;SideBar/&gt; can be clicked &amp; closed" time="0.039">
      <failure>Error: Element type is invalid: expected a string (for built-in components) or a class/function (for composite components) but got: undefined. You likely forgot to export your component from the file it&apos;s defined in, or you might have mixed up default and named imports.

Check the render method of `Sidebar`.
    at createFiberFromTypeAndProps (C:\Projects\swagger-ui-kong-theme\node_modules\react-dom\cjs\react-dom.development.js:25058:21)
    at createFiberFromElement (C:\Projects\swagger-ui-kong-theme\node_modules\react-dom\cjs\react-dom.development.js:25086:15)
    at reconcileSingleElement (C:\Projects\swagger-ui-kong-theme\node_modules\react-dom\cjs\react-dom.development.js:14052:23)
    at reconcileChildFibers (C:\Projects\swagger-ui-kong-theme\node_modules\react-dom\cjs\react-dom.development.js:14112:35)
    at reconcileChildren (C:\Projects\swagger-ui-kong-theme\node_modules\react-dom\cjs\react-dom.development.js:16990:28)
    at updateHostComponent (C:\Projects\swagger-ui-kong-theme\node_modules\react-dom\cjs\react-dom.development.js:17632:3)
    at beginWork (C:\Projects\swagger-ui-kong-theme\node_modules\react-dom\cjs\react-dom.development.js:19080:14)
    at HTMLUnknownElement.callCallback (C:\Projects\swagger-ui-kong-theme\node_modules\react-dom\cjs\react-dom.development.js:3945:14)
    at HTMLUnknownElement.callTheUserObjectsOperation (C:\Projects\swagger-ui-kong-theme\node_modules\jsdom\lib\jsdom\living\generated\EventListener.js:26:30)
    at innerInvokeEventListeners (C:\Projects\swagger-ui-kong-theme\node_modules\jsdom\lib\jsdom\living\events\EventTarget-impl.js:340:25)
    at invokeEventListeners (C:\Projects\swagger-ui-kong-theme\node_modules\jsdom\lib\jsdom\living\events\EventTarget-impl.js:276:3)
    at HTMLUnknownElementImpl._dispatch (C:\Projects\swagger-ui-kong-theme\node_modules\jsdom\lib\jsdom\living\events\EventTarget-impl.js:223:9)
    at HTMLUnknownElementImpl.dispatchEvent (C:\Projects\swagger-ui-kong-theme\node_modules\jsdom\lib\jsdom\living\events\EventTarget-impl.js:94:17)
    at HTMLUnknownElement.dispatchEvent (C:\Projects\swagger-ui-kong-theme\node_modules\jsdom\lib\jsdom\living\generated\EventTarget.js:241:34)
    at Object.invokeGuardedCallbackDev (C:\Projects\swagger-ui-kong-theme\node_modules\react-dom\cjs\react-dom.development.js:3994:16)
    at invokeGuardedCallback (C:\Projects\swagger-ui-kong-theme\node_modules\react-dom\cjs\react-dom.development.js:4056:31)
    at beginWork$1 (C:\Projects\swagger-ui-kong-theme\node_modules\react-dom\cjs\react-dom.development.js:23964:7)
    at performUnitOfWork (C:\Projects\swagger-ui-kong-theme\node_modules\react-dom\cjs\react-dom.development.js:22779:12)
    at workLoopSync (C:\Projects\swagger-ui-kong-theme\node_modules\react-dom\cjs\react-dom.development.js:22707:5)
    at renderRootSync (C:\Projects\swagger-ui-kong-theme\node_modules\react-dom\cjs\react-dom.development.js:22670:7)
    at performSyncWorkOnRoot (C:\Projects\swagger-ui-kong-theme\node_modules\react-dom\cjs\react-dom.development.js:22293:18)
    at scheduleUpdateOnFiber (C:\Projects\swagger-ui-kong-theme\node_modules\react-dom\cjs\react-dom.development.js:21881:7)
    at updateContainer (C:\Projects\swagger-ui-kong-theme\node_modules\react-dom\cjs\react-dom.development.js:25482:3)
    at C:\Projects\swagger-ui-kong-theme\node_modules\react-dom\cjs\react-dom.development.js:26021:7
    at unbatchedUpdates (C:\Projects\swagger-ui-kong-theme\node_modules\react-dom\cjs\react-dom.development.js:22431:12)
    at legacyRenderSubtreeIntoContainer (C:\Projects\swagger-ui-kong-theme\node_modules\react-dom\cjs\react-dom.development.js:26020:5)
    at Object.render (C:\Projects\swagger-ui-kong-theme\node_modules\react-dom\cjs\react-dom.development.js:26103:10)
    at C:\Projects\swagger-ui-kong-theme\node_modules\@testing-library\react\dist\pure.js:101:25
    at batchedUpdates$1 (C:\Projects\swagger-ui-kong-theme\node_modules\react-dom\cjs\react-dom.development.js:22380:12)
    at act (C:\Projects\swagger-ui-kong-theme\node_modules\react-dom\cjs\react-dom-test-utils.development.js:1042:14)
    at render (C:\Projects\swagger-ui-kong-theme\node_modules\@testing-library\react\dist\pure.js:97:26)
    at renderComponent (C:\Projects\swagger-ui-kong-theme\test\unit\common\components\Sidebar\Sidebar.test.js:25:33)
    at Object.renderComponent (C:\Projects\swagger-ui-kong-theme\test\unit\common\components\Sidebar\Sidebar.test.js:67:13)
    at Promise.then.completed (C:\Projects\swagger-ui-kong-theme\node_modules\jest-circus\build\utils.js:333:28)
    at new Promise (&lt;anonymous&gt;)
    at callAsyncCircusFn (C:\Projects\swagger-ui-kong-theme\node_modules\jest-circus\build\utils.js:259:10)
    at _callCircusTest (C:\Projects\swagger-ui-kong-theme\node_modules\jest-circus\build\run.js:277:40)
    at processTicksAndRejections (internal/process/task_queues.js:95:5)
    at _runTest (C:\Projects\swagger-ui-kong-theme\node_modules\jest-circus\build\run.js:209:3)
    at _runTestsForDescribeBlock (C:\Projects\swagger-ui-kong-theme\node_modules\jest-circus\build\run.js:97:9)
    at _runTestsForDescribeBlock (C:\Projects\swagger-ui-kong-theme\node_modules\jest-circus\build\run.js:91:9)
    at run (C:\Projects\swagger-ui-kong-theme\node_modules\jest-circus\build\run.js:31:3)
    at runAndTransformResultsToJestFormat (C:\Projects\swagger-ui-kong-theme\node_modules\jest-circus\build\legacy-code-todo-rewrite\jestAdapterInit.js:135:21)
    at jestAdapter (C:\Projects\swagger-ui-kong-theme\node_modules\jest-circus\build\legacy-code-todo-rewrite\jestAdapter.js:92:19)
    at runTestInternal (C:\Projects\swagger-ui-kong-theme\node_modules\jest-runner\build\runTest.js:411:16)
    at runTest (C:\Projects\swagger-ui-kong-theme\node_modules\jest-runner\build\runTest.js:499:34)
    at TestRunner.runTests (C:\Projects\swagger-ui-kong-theme\node_modules\jest-runner\build\index.js:145:12)
    at TestScheduler.scheduleTests (C:\Projects\swagger-ui-kong-theme\node_modules\@jest\core\build\TestScheduler.js:317:13)
    at runJest (C:\Projects\swagger-ui-kong-theme\node_modules\@jest\core\build\runJest.js:407:19)
    at _run10000 (C:\Projects\swagger-ui-kong-theme\node_modules\@jest\core\build\cli\index.js:339:7)
    at runCLI (C:\Projects\swagger-ui-kong-theme\node_modules\@jest\core\build\cli\index.js:190:3)
    at Object.run (C:\Projects\swagger-ui-kong-theme\node_modules\jest-cli\build\cli\index.js:155:37)</failure>
    </testcase>
    <testcase classname="&lt;SideBar/&gt; has correct classname" name="&lt;SideBar/&gt; has correct classname" time="0.03">
      <failure>Error: Element type is invalid: expected a string (for built-in components) or a class/function (for composite components) but got: undefined. You likely forgot to export your component from the file it&apos;s defined in, or you might have mixed up default and named imports.

Check the render method of `Sidebar`.
    at createFiberFromTypeAndProps (C:\Projects\swagger-ui-kong-theme\node_modules\react-dom\cjs\react-dom.development.js:25058:21)
    at createFiberFromElement (C:\Projects\swagger-ui-kong-theme\node_modules\react-dom\cjs\react-dom.development.js:25086:15)
    at reconcileSingleElement (C:\Projects\swagger-ui-kong-theme\node_modules\react-dom\cjs\react-dom.development.js:14052:23)
    at reconcileChildFibers (C:\Projects\swagger-ui-kong-theme\node_modules\react-dom\cjs\react-dom.development.js:14112:35)
    at reconcileChildren (C:\Projects\swagger-ui-kong-theme\node_modules\react-dom\cjs\react-dom.development.js:16990:28)
    at updateHostComponent (C:\Projects\swagger-ui-kong-theme\node_modules\react-dom\cjs\react-dom.development.js:17632:3)
    at beginWork (C:\Projects\swagger-ui-kong-theme\node_modules\react-dom\cjs\react-dom.development.js:19080:14)
    at HTMLUnknownElement.callCallback (C:\Projects\swagger-ui-kong-theme\node_modules\react-dom\cjs\react-dom.development.js:3945:14)
    at HTMLUnknownElement.callTheUserObjectsOperation (C:\Projects\swagger-ui-kong-theme\node_modules\jsdom\lib\jsdom\living\generated\EventListener.js:26:30)
    at innerInvokeEventListeners (C:\Projects\swagger-ui-kong-theme\node_modules\jsdom\lib\jsdom\living\events\EventTarget-impl.js:340:25)
    at invokeEventListeners (C:\Projects\swagger-ui-kong-theme\node_modules\jsdom\lib\jsdom\living\events\EventTarget-impl.js:276:3)
    at HTMLUnknownElementImpl._dispatch (C:\Projects\swagger-ui-kong-theme\node_modules\jsdom\lib\jsdom\living\events\EventTarget-impl.js:223:9)
    at HTMLUnknownElementImpl.dispatchEvent (C:\Projects\swagger-ui-kong-theme\node_modules\jsdom\lib\jsdom\living\events\EventTarget-impl.js:94:17)
    at HTMLUnknownElement.dispatchEvent (C:\Projects\swagger-ui-kong-theme\node_modules\jsdom\lib\jsdom\living\generated\EventTarget.js:241:34)
    at Object.invokeGuardedCallbackDev (C:\Projects\swagger-ui-kong-theme\node_modules\react-dom\cjs\react-dom.development.js:3994:16)
    at invokeGuardedCallback (C:\Projects\swagger-ui-kong-theme\node_modules\react-dom\cjs\react-dom.development.js:4056:31)
    at beginWork$1 (C:\Projects\swagger-ui-kong-theme\node_modules\react-dom\cjs\react-dom.development.js:23964:7)
    at performUnitOfWork (C:\Projects\swagger-ui-kong-theme\node_modules\react-dom\cjs\react-dom.development.js:22779:12)
    at workLoopSync (C:\Projects\swagger-ui-kong-theme\node_modules\react-dom\cjs\react-dom.development.js:22707:5)
    at renderRootSync (C:\Projects\swagger-ui-kong-theme\node_modules\react-dom\cjs\react-dom.development.js:22670:7)
    at performSyncWorkOnRoot (C:\Projects\swagger-ui-kong-theme\node_modules\react-dom\cjs\react-dom.development.js:22293:18)
    at scheduleUpdateOnFiber (C:\Projects\swagger-ui-kong-theme\node_modules\react-dom\cjs\react-dom.development.js:21881:7)
    at updateContainer (C:\Projects\swagger-ui-kong-theme\node_modules\react-dom\cjs\react-dom.development.js:25482:3)
    at C:\Projects\swagger-ui-kong-theme\node_modules\react-dom\cjs\react-dom.development.js:26021:7
    at unbatchedUpdates (C:\Projects\swagger-ui-kong-theme\node_modules\react-dom\cjs\react-dom.development.js:22431:12)
    at legacyRenderSubtreeIntoContainer (C:\Projects\swagger-ui-kong-theme\node_modules\react-dom\cjs\react-dom.development.js:26020:5)
    at Object.render (C:\Projects\swagger-ui-kong-theme\node_modules\react-dom\cjs\react-dom.development.js:26103:10)
    at C:\Projects\swagger-ui-kong-theme\node_modules\@testing-library\react\dist\pure.js:101:25
    at batchedUpdates$1 (C:\Projects\swagger-ui-kong-theme\node_modules\react-dom\cjs\react-dom.development.js:22380:12)
    at act (C:\Projects\swagger-ui-kong-theme\node_modules\react-dom\cjs\react-dom-test-utils.development.js:1042:14)
    at render (C:\Projects\swagger-ui-kong-theme\node_modules\@testing-library\react\dist\pure.js:97:26)
    at renderComponent (C:\Projects\swagger-ui-kong-theme\test\unit\common\components\Sidebar\Sidebar.test.js:25:33)
    at Object.renderComponent (C:\Projects\swagger-ui-kong-theme\test\unit\common\components\Sidebar\Sidebar.test.js:75:27)
    at Promise.then.completed (C:\Projects\swagger-ui-kong-theme\node_modules\jest-circus\build\utils.js:333:28)
    at new Promise (&lt;anonymous&gt;)
    at callAsyncCircusFn (C:\Projects\swagger-ui-kong-theme\node_modules\jest-circus\build\utils.js:259:10)
    at _callCircusTest (C:\Projects\swagger-ui-kong-theme\node_modules\jest-circus\build\run.js:277:40)
    at processTicksAndRejections (internal/process/task_queues.js:95:5)
    at _runTest (C:\Projects\swagger-ui-kong-theme\node_modules\jest-circus\build\run.js:209:3)
    at _runTestsForDescribeBlock (C:\Projects\swagger-ui-kong-theme\node_modules\jest-circus\build\run.js:97:9)
    at _runTestsForDescribeBlock (C:\Projects\swagger-ui-kong-theme\node_modules\jest-circus\build\run.js:91:9)
    at run (C:\Projects\swagger-ui-kong-theme\node_modules\jest-circus\build\run.js:31:3)
    at runAndTransformResultsToJestFormat (C:\Projects\swagger-ui-kong-theme\node_modules\jest-circus\build\legacy-code-todo-rewrite\jestAdapterInit.js:135:21)
    at jestAdapter (C:\Projects\swagger-ui-kong-theme\node_modules\jest-circus\build\legacy-code-todo-rewrite\jestAdapter.js:92:19)
    at runTestInternal (C:\Projects\swagger-ui-kong-theme\node_modules\jest-runner\build\runTest.js:411:16)
    at runTest (C:\Projects\swagger-ui-kong-theme\node_modules\jest-runner\build\runTest.js:499:34)
    at TestRunner.runTests (C:\Projects\swagger-ui-kong-theme\node_modules\jest-runner\build\index.js:145:12)
    at TestScheduler.scheduleTests (C:\Projects\swagger-ui-kong-theme\node_modules\@jest\core\build\TestScheduler.js:317:13)
    at runJest (C:\Projects\swagger-ui-kong-theme\node_modules\@jest\core\build\runJest.js:407:19)
    at _run10000 (C:\Projects\swagger-ui-kong-theme\node_modules\@jest\core\build\cli\index.js:339:7)
    at runCLI (C:\Projects\swagger-ui-kong-theme\node_modules\@jest\core\build\cli\index.js:190:3)
    at Object.run (C:\Projects\swagger-ui-kong-theme\node_modules\jest-cli\build\cli\index.js:155:37)</failure>
    </testcase>
    <testcase classname="&lt;SideBar/&gt; on `Space` press opens sidebar" name="&lt;SideBar/&gt; on `Space` press opens sidebar" time="0.028">
      <failure>Error: Element type is invalid: expected a string (for built-in components) or a class/function (for composite components) but got: undefined. You likely forgot to export your component from the file it&apos;s defined in, or you might have mixed up default and named imports.

Check the render method of `Sidebar`.
    at createFiberFromTypeAndProps (C:\Projects\swagger-ui-kong-theme\node_modules\react-dom\cjs\react-dom.development.js:25058:21)
    at createFiberFromElement (C:\Projects\swagger-ui-kong-theme\node_modules\react-dom\cjs\react-dom.development.js:25086:15)
    at reconcileSingleElement (C:\Projects\swagger-ui-kong-theme\node_modules\react-dom\cjs\react-dom.development.js:14052:23)
    at reconcileChildFibers (C:\Projects\swagger-ui-kong-theme\node_modules\react-dom\cjs\react-dom.development.js:14112:35)
    at reconcileChildren (C:\Projects\swagger-ui-kong-theme\node_modules\react-dom\cjs\react-dom.development.js:16990:28)
    at updateHostComponent (C:\Projects\swagger-ui-kong-theme\node_modules\react-dom\cjs\react-dom.development.js:17632:3)
    at beginWork (C:\Projects\swagger-ui-kong-theme\node_modules\react-dom\cjs\react-dom.development.js:19080:14)
    at HTMLUnknownElement.callCallback (C:\Projects\swagger-ui-kong-theme\node_modules\react-dom\cjs\react-dom.development.js:3945:14)
    at HTMLUnknownElement.callTheUserObjectsOperation (C:\Projects\swagger-ui-kong-theme\node_modules\jsdom\lib\jsdom\living\generated\EventListener.js:26:30)
    at innerInvokeEventListeners (C:\Projects\swagger-ui-kong-theme\node_modules\jsdom\lib\jsdom\living\events\EventTarget-impl.js:340:25)
    at invokeEventListeners (C:\Projects\swagger-ui-kong-theme\node_modules\jsdom\lib\jsdom\living\events\EventTarget-impl.js:276:3)
    at HTMLUnknownElementImpl._dispatch (C:\Projects\swagger-ui-kong-theme\node_modules\jsdom\lib\jsdom\living\events\EventTarget-impl.js:223:9)
    at HTMLUnknownElementImpl.dispatchEvent (C:\Projects\swagger-ui-kong-theme\node_modules\jsdom\lib\jsdom\living\events\EventTarget-impl.js:94:17)
    at HTMLUnknownElement.dispatchEvent (C:\Projects\swagger-ui-kong-theme\node_modules\jsdom\lib\jsdom\living\generated\EventTarget.js:241:34)
    at Object.invokeGuardedCallbackDev (C:\Projects\swagger-ui-kong-theme\node_modules\react-dom\cjs\react-dom.development.js:3994:16)
    at invokeGuardedCallback (C:\Projects\swagger-ui-kong-theme\node_modules\react-dom\cjs\react-dom.development.js:4056:31)
    at beginWork$1 (C:\Projects\swagger-ui-kong-theme\node_modules\react-dom\cjs\react-dom.development.js:23964:7)
    at performUnitOfWork (C:\Projects\swagger-ui-kong-theme\node_modules\react-dom\cjs\react-dom.development.js:22779:12)
    at workLoopSync (C:\Projects\swagger-ui-kong-theme\node_modules\react-dom\cjs\react-dom.development.js:22707:5)
    at renderRootSync (C:\Projects\swagger-ui-kong-theme\node_modules\react-dom\cjs\react-dom.development.js:22670:7)
    at performSyncWorkOnRoot (C:\Projects\swagger-ui-kong-theme\node_modules\react-dom\cjs\react-dom.development.js:22293:18)
    at scheduleUpdateOnFiber (C:\Projects\swagger-ui-kong-theme\node_modules\react-dom\cjs\react-dom.development.js:21881:7)
    at updateContainer (C:\Projects\swagger-ui-kong-theme\node_modules\react-dom\cjs\react-dom.development.js:25482:3)
    at C:\Projects\swagger-ui-kong-theme\node_modules\react-dom\cjs\react-dom.development.js:26021:7
    at unbatchedUpdates (C:\Projects\swagger-ui-kong-theme\node_modules\react-dom\cjs\react-dom.development.js:22431:12)
    at legacyRenderSubtreeIntoContainer (C:\Projects\swagger-ui-kong-theme\node_modules\react-dom\cjs\react-dom.development.js:26020:5)
    at Object.render (C:\Projects\swagger-ui-kong-theme\node_modules\react-dom\cjs\react-dom.development.js:26103:10)
    at C:\Projects\swagger-ui-kong-theme\node_modules\@testing-library\react\dist\pure.js:101:25
    at batchedUpdates$1 (C:\Projects\swagger-ui-kong-theme\node_modules\react-dom\cjs\react-dom.development.js:22380:12)
    at act (C:\Projects\swagger-ui-kong-theme\node_modules\react-dom\cjs\react-dom-test-utils.development.js:1042:14)
    at render (C:\Projects\swagger-ui-kong-theme\node_modules\@testing-library\react\dist\pure.js:97:26)
    at renderComponent (C:\Projects\swagger-ui-kong-theme\test\unit\common\components\Sidebar\Sidebar.test.js:25:33)
    at Object.renderComponent (C:\Projects\swagger-ui-kong-theme\test\unit\common\components\Sidebar\Sidebar.test.js:81:13)
    at Promise.then.completed (C:\Projects\swagger-ui-kong-theme\node_modules\jest-circus\build\utils.js:333:28)
    at new Promise (&lt;anonymous&gt;)
    at callAsyncCircusFn (C:\Projects\swagger-ui-kong-theme\node_modules\jest-circus\build\utils.js:259:10)
    at _callCircusTest (C:\Projects\swagger-ui-kong-theme\node_modules\jest-circus\build\run.js:277:40)
    at processTicksAndRejections (internal/process/task_queues.js:95:5)
    at _runTest (C:\Projects\swagger-ui-kong-theme\node_modules\jest-circus\build\run.js:209:3)
    at _runTestsForDescribeBlock (C:\Projects\swagger-ui-kong-theme\node_modules\jest-circus\build\run.js:97:9)
    at _runTestsForDescribeBlock (C:\Projects\swagger-ui-kong-theme\node_modules\jest-circus\build\run.js:91:9)
    at run (C:\Projects\swagger-ui-kong-theme\node_modules\jest-circus\build\run.js:31:3)
    at runAndTransformResultsToJestFormat (C:\Projects\swagger-ui-kong-theme\node_modules\jest-circus\build\legacy-code-todo-rewrite\jestAdapterInit.js:135:21)
    at jestAdapter (C:\Projects\swagger-ui-kong-theme\node_modules\jest-circus\build\legacy-code-todo-rewrite\jestAdapter.js:92:19)
    at runTestInternal (C:\Projects\swagger-ui-kong-theme\node_modules\jest-runner\build\runTest.js:411:16)
    at runTest (C:\Projects\swagger-ui-kong-theme\node_modules\jest-runner\build\runTest.js:499:34)
    at TestRunner.runTests (C:\Projects\swagger-ui-kong-theme\node_modules\jest-runner\build\index.js:145:12)
    at TestScheduler.scheduleTests (C:\Projects\swagger-ui-kong-theme\node_modules\@jest\core\build\TestScheduler.js:317:13)
    at runJest (C:\Projects\swagger-ui-kong-theme\node_modules\@jest\core\build\runJest.js:407:19)
    at _run10000 (C:\Projects\swagger-ui-kong-theme\node_modules\@jest\core\build\cli\index.js:339:7)
    at runCLI (C:\Projects\swagger-ui-kong-theme\node_modules\@jest\core\build\cli\index.js:190:3)
    at Object.run (C:\Projects\swagger-ui-kong-theme\node_modules\jest-cli\build\cli\index.js:155:37)</failure>
    </testcase>
    <testcase classname="&lt;SideBar/&gt; on `Enter` press close sidebar" name="&lt;SideBar/&gt; on `Enter` press close sidebar" time="0.036">
      <failure>Error: Element type is invalid: expected a string (for built-in components) or a class/function (for composite components) but got: undefined. You likely forgot to export your component from the file it&apos;s defined in, or you might have mixed up default and named imports.

Check the render method of `Sidebar`.
    at createFiberFromTypeAndProps (C:\Projects\swagger-ui-kong-theme\node_modules\react-dom\cjs\react-dom.development.js:25058:21)
    at createFiberFromElement (C:\Projects\swagger-ui-kong-theme\node_modules\react-dom\cjs\react-dom.development.js:25086:15)
    at reconcileSingleElement (C:\Projects\swagger-ui-kong-theme\node_modules\react-dom\cjs\react-dom.development.js:14052:23)
    at reconcileChildFibers (C:\Projects\swagger-ui-kong-theme\node_modules\react-dom\cjs\react-dom.development.js:14112:35)
    at reconcileChildren (C:\Projects\swagger-ui-kong-theme\node_modules\react-dom\cjs\react-dom.development.js:16990:28)
    at updateHostComponent (C:\Projects\swagger-ui-kong-theme\node_modules\react-dom\cjs\react-dom.development.js:17632:3)
    at beginWork (C:\Projects\swagger-ui-kong-theme\node_modules\react-dom\cjs\react-dom.development.js:19080:14)
    at HTMLUnknownElement.callCallback (C:\Projects\swagger-ui-kong-theme\node_modules\react-dom\cjs\react-dom.development.js:3945:14)
    at HTMLUnknownElement.callTheUserObjectsOperation (C:\Projects\swagger-ui-kong-theme\node_modules\jsdom\lib\jsdom\living\generated\EventListener.js:26:30)
    at innerInvokeEventListeners (C:\Projects\swagger-ui-kong-theme\node_modules\jsdom\lib\jsdom\living\events\EventTarget-impl.js:340:25)
    at invokeEventListeners (C:\Projects\swagger-ui-kong-theme\node_modules\jsdom\lib\jsdom\living\events\EventTarget-impl.js:276:3)
    at HTMLUnknownElementImpl._dispatch (C:\Projects\swagger-ui-kong-theme\node_modules\jsdom\lib\jsdom\living\events\EventTarget-impl.js:223:9)
    at HTMLUnknownElementImpl.dispatchEvent (C:\Projects\swagger-ui-kong-theme\node_modules\jsdom\lib\jsdom\living\events\EventTarget-impl.js:94:17)
    at HTMLUnknownElement.dispatchEvent (C:\Projects\swagger-ui-kong-theme\node_modules\jsdom\lib\jsdom\living\generated\EventTarget.js:241:34)
    at Object.invokeGuardedCallbackDev (C:\Projects\swagger-ui-kong-theme\node_modules\react-dom\cjs\react-dom.development.js:3994:16)
    at invokeGuardedCallback (C:\Projects\swagger-ui-kong-theme\node_modules\react-dom\cjs\react-dom.development.js:4056:31)
    at beginWork$1 (C:\Projects\swagger-ui-kong-theme\node_modules\react-dom\cjs\react-dom.development.js:23964:7)
    at performUnitOfWork (C:\Projects\swagger-ui-kong-theme\node_modules\react-dom\cjs\react-dom.development.js:22779:12)
    at workLoopSync (C:\Projects\swagger-ui-kong-theme\node_modules\react-dom\cjs\react-dom.development.js:22707:5)
    at renderRootSync (C:\Projects\swagger-ui-kong-theme\node_modules\react-dom\cjs\react-dom.development.js:22670:7)
    at performSyncWorkOnRoot (C:\Projects\swagger-ui-kong-theme\node_modules\react-dom\cjs\react-dom.development.js:22293:18)
    at scheduleUpdateOnFiber (C:\Projects\swagger-ui-kong-theme\node_modules\react-dom\cjs\react-dom.development.js:21881:7)
    at updateContainer (C:\Projects\swagger-ui-kong-theme\node_modules\react-dom\cjs\react-dom.development.js:25482:3)
    at C:\Projects\swagger-ui-kong-theme\node_modules\react-dom\cjs\react-dom.development.js:26021:7
    at unbatchedUpdates (C:\Projects\swagger-ui-kong-theme\node_modules\react-dom\cjs\react-dom.development.js:22431:12)
    at legacyRenderSubtreeIntoContainer (C:\Projects\swagger-ui-kong-theme\node_modules\react-dom\cjs\react-dom.development.js:26020:5)
    at Object.render (C:\Projects\swagger-ui-kong-theme\node_modules\react-dom\cjs\react-dom.development.js:26103:10)
    at C:\Projects\swagger-ui-kong-theme\node_modules\@testing-library\react\dist\pure.js:101:25
    at batchedUpdates$1 (C:\Projects\swagger-ui-kong-theme\node_modules\react-dom\cjs\react-dom.development.js:22380:12)
    at act (C:\Projects\swagger-ui-kong-theme\node_modules\react-dom\cjs\react-dom-test-utils.development.js:1042:14)
    at render (C:\Projects\swagger-ui-kong-theme\node_modules\@testing-library\react\dist\pure.js:97:26)
    at renderComponent (C:\Projects\swagger-ui-kong-theme\test\unit\common\components\Sidebar\Sidebar.test.js:25:33)
    at Object.renderComponent (C:\Projects\swagger-ui-kong-theme\test\unit\common\components\Sidebar\Sidebar.test.js:90:9)
    at Promise.then.completed (C:\Projects\swagger-ui-kong-theme\node_modules\jest-circus\build\utils.js:333:28)
    at new Promise (&lt;anonymous&gt;)
    at callAsyncCircusFn (C:\Projects\swagger-ui-kong-theme\node_modules\jest-circus\build\utils.js:259:10)
    at _callCircusTest (C:\Projects\swagger-ui-kong-theme\node_modules\jest-circus\build\run.js:277:40)
    at processTicksAndRejections (internal/process/task_queues.js:95:5)
    at _runTest (C:\Projects\swagger-ui-kong-theme\node_modules\jest-circus\build\run.js:209:3)
    at _runTestsForDescribeBlock (C:\Projects\swagger-ui-kong-theme\node_modules\jest-circus\build\run.js:97:9)
    at _runTestsForDescribeBlock (C:\Projects\swagger-ui-kong-theme\node_modules\jest-circus\build\run.js:91:9)
    at run (C:\Projects\swagger-ui-kong-theme\node_modules\jest-circus\build\run.js:31:3)
    at runAndTransformResultsToJestFormat (C:\Projects\swagger-ui-kong-theme\node_modules\jest-circus\build\legacy-code-todo-rewrite\jestAdapterInit.js:135:21)
    at jestAdapter (C:\Projects\swagger-ui-kong-theme\node_modules\jest-circus\build\legacy-code-todo-rewrite\jestAdapter.js:92:19)
    at runTestInternal (C:\Projects\swagger-ui-kong-theme\node_modules\jest-runner\build\runTest.js:411:16)
    at runTest (C:\Projects\swagger-ui-kong-theme\node_modules\jest-runner\build\runTest.js:499:34)
    at TestRunner.runTests (C:\Projects\swagger-ui-kong-theme\node_modules\jest-runner\build\index.js:145:12)
    at TestScheduler.scheduleTests (C:\Projects\swagger-ui-kong-theme\node_modules\@jest\core\build\TestScheduler.js:317:13)
    at runJest (C:\Projects\swagger-ui-kong-theme\node_modules\@jest\core\build\runJest.js:407:19)
    at _run10000 (C:\Projects\swagger-ui-kong-theme\node_modules\@jest\core\build\cli\index.js:339:7)
    at runCLI (C:\Projects\swagger-ui-kong-theme\node_modules\@jest\core\build\cli\index.js:190:3)
    at Object.run (C:\Projects\swagger-ui-kong-theme\node_modules\jest-cli\build\cli\index.js:155:37)</failure>
    </testcase>
    <testcase classname="&lt;SideBar/&gt; on `Return` press close sidebar" name="&lt;SideBar/&gt; on `Return` press close sidebar" time="0.037">
      <failure>Error: Element type is invalid: expected a string (for built-in components) or a class/function (for composite components) but got: undefined. You likely forgot to export your component from the file it&apos;s defined in, or you might have mixed up default and named imports.

Check the render method of `Sidebar`.
    at createFiberFromTypeAndProps (C:\Projects\swagger-ui-kong-theme\node_modules\react-dom\cjs\react-dom.development.js:25058:21)
    at createFiberFromElement (C:\Projects\swagger-ui-kong-theme\node_modules\react-dom\cjs\react-dom.development.js:25086:15)
    at reconcileSingleElement (C:\Projects\swagger-ui-kong-theme\node_modules\react-dom\cjs\react-dom.development.js:14052:23)
    at reconcileChildFibers (C:\Projects\swagger-ui-kong-theme\node_modules\react-dom\cjs\react-dom.development.js:14112:35)
    at reconcileChildren (C:\Projects\swagger-ui-kong-theme\node_modules\react-dom\cjs\react-dom.development.js:16990:28)
    at updateHostComponent (C:\Projects\swagger-ui-kong-theme\node_modules\react-dom\cjs\react-dom.development.js:17632:3)
    at beginWork (C:\Projects\swagger-ui-kong-theme\node_modules\react-dom\cjs\react-dom.development.js:19080:14)
    at HTMLUnknownElement.callCallback (C:\Projects\swagger-ui-kong-theme\node_modules\react-dom\cjs\react-dom.development.js:3945:14)
    at HTMLUnknownElement.callTheUserObjectsOperation (C:\Projects\swagger-ui-kong-theme\node_modules\jsdom\lib\jsdom\living\generated\EventListener.js:26:30)
    at innerInvokeEventListeners (C:\Projects\swagger-ui-kong-theme\node_modules\jsdom\lib\jsdom\living\events\EventTarget-impl.js:340:25)
    at invokeEventListeners (C:\Projects\swagger-ui-kong-theme\node_modules\jsdom\lib\jsdom\living\events\EventTarget-impl.js:276:3)
    at HTMLUnknownElementImpl._dispatch (C:\Projects\swagger-ui-kong-theme\node_modules\jsdom\lib\jsdom\living\events\EventTarget-impl.js:223:9)
    at HTMLUnknownElementImpl.dispatchEvent (C:\Projects\swagger-ui-kong-theme\node_modules\jsdom\lib\jsdom\living\events\EventTarget-impl.js:94:17)
    at HTMLUnknownElement.dispatchEvent (C:\Projects\swagger-ui-kong-theme\node_modules\jsdom\lib\jsdom\living\generated\EventTarget.js:241:34)
    at Object.invokeGuardedCallbackDev (C:\Projects\swagger-ui-kong-theme\node_modules\react-dom\cjs\react-dom.development.js:3994:16)
    at invokeGuardedCallback (C:\Projects\swagger-ui-kong-theme\node_modules\react-dom\cjs\react-dom.development.js:4056:31)
    at beginWork$1 (C:\Projects\swagger-ui-kong-theme\node_modules\react-dom\cjs\react-dom.development.js:23964:7)
    at performUnitOfWork (C:\Projects\swagger-ui-kong-theme\node_modules\react-dom\cjs\react-dom.development.js:22779:12)
    at workLoopSync (C:\Projects\swagger-ui-kong-theme\node_modules\react-dom\cjs\react-dom.development.js:22707:5)
    at renderRootSync (C:\Projects\swagger-ui-kong-theme\node_modules\react-dom\cjs\react-dom.development.js:22670:7)
    at performSyncWorkOnRoot (C:\Projects\swagger-ui-kong-theme\node_modules\react-dom\cjs\react-dom.development.js:22293:18)
    at scheduleUpdateOnFiber (C:\Projects\swagger-ui-kong-theme\node_modules\react-dom\cjs\react-dom.development.js:21881:7)
    at updateContainer (C:\Projects\swagger-ui-kong-theme\node_modules\react-dom\cjs\react-dom.development.js:25482:3)
    at C:\Projects\swagger-ui-kong-theme\node_modules\react-dom\cjs\react-dom.development.js:26021:7
    at unbatchedUpdates (C:\Projects\swagger-ui-kong-theme\node_modules\react-dom\cjs\react-dom.development.js:22431:12)
    at legacyRenderSubtreeIntoContainer (C:\Projects\swagger-ui-kong-theme\node_modules\react-dom\cjs\react-dom.development.js:26020:5)
    at Object.render (C:\Projects\swagger-ui-kong-theme\node_modules\react-dom\cjs\react-dom.development.js:26103:10)
    at C:\Projects\swagger-ui-kong-theme\node_modules\@testing-library\react\dist\pure.js:101:25
    at batchedUpdates$1 (C:\Projects\swagger-ui-kong-theme\node_modules\react-dom\cjs\react-dom.development.js:22380:12)
    at act (C:\Projects\swagger-ui-kong-theme\node_modules\react-dom\cjs\react-dom-test-utils.development.js:1042:14)
    at render (C:\Projects\swagger-ui-kong-theme\node_modules\@testing-library\react\dist\pure.js:97:26)
    at renderComponent (C:\Projects\swagger-ui-kong-theme\test\unit\common\components\Sidebar\Sidebar.test.js:25:33)
    at Object.renderComponent (C:\Projects\swagger-ui-kong-theme\test\unit\common\components\Sidebar\Sidebar.test.js:99:9)
    at Promise.then.completed (C:\Projects\swagger-ui-kong-theme\node_modules\jest-circus\build\utils.js:333:28)
    at new Promise (&lt;anonymous&gt;)
    at callAsyncCircusFn (C:\Projects\swagger-ui-kong-theme\node_modules\jest-circus\build\utils.js:259:10)
    at _callCircusTest (C:\Projects\swagger-ui-kong-theme\node_modules\jest-circus\build\run.js:277:40)
    at processTicksAndRejections (internal/process/task_queues.js:95:5)
    at _runTest (C:\Projects\swagger-ui-kong-theme\node_modules\jest-circus\build\run.js:209:3)
    at _runTestsForDescribeBlock (C:\Projects\swagger-ui-kong-theme\node_modules\jest-circus\build\run.js:97:9)
    at _runTestsForDescribeBlock (C:\Projects\swagger-ui-kong-theme\node_modules\jest-circus\build\run.js:91:9)
    at run (C:\Projects\swagger-ui-kong-theme\node_modules\jest-circus\build\run.js:31:3)
    at runAndTransformResultsToJestFormat (C:\Projects\swagger-ui-kong-theme\node_modules\jest-circus\build\legacy-code-todo-rewrite\jestAdapterInit.js:135:21)
    at jestAdapter (C:\Projects\swagger-ui-kong-theme\node_modules\jest-circus\build\legacy-code-todo-rewrite\jestAdapter.js:92:19)
    at runTestInternal (C:\Projects\swagger-ui-kong-theme\node_modules\jest-runner\build\runTest.js:411:16)
    at runTest (C:\Projects\swagger-ui-kong-theme\node_modules\jest-runner\build\runTest.js:499:34)
    at TestRunner.runTests (C:\Projects\swagger-ui-kong-theme\node_modules\jest-runner\build\index.js:145:12)
    at TestScheduler.scheduleTests (C:\Projects\swagger-ui-kong-theme\node_modules\@jest\core\build\TestScheduler.js:317:13)
    at runJest (C:\Projects\swagger-ui-kong-theme\node_modules\@jest\core\build\runJest.js:407:19)
    at _run10000 (C:\Projects\swagger-ui-kong-theme\node_modules\@jest\core\build\cli\index.js:339:7)
    at runCLI (C:\Projects\swagger-ui-kong-theme\node_modules\@jest\core\build\cli\index.js:190:3)
    at Object.run (C:\Projects\swagger-ui-kong-theme\node_modules\jest-cli\build\cli\index.js:155:37)</failure>
    </testcase>
  </testsuite>
</testsuites>