<?xml version="1.0" encoding="UTF-8"?>
<testsuites name="jest tests" tests="20" failures="8" errors="0" time="1.25">
  <testsuite name="&lt;SidebarList/&gt;" errors="0" failures="0" skipped="0" timestamp="2022-07-08T21:17:39" time="0.753" tests="1">
    <testcase classname="&lt;SidebarList/&gt; was rendered" name="&lt;SidebarList/&gt; was rendered" time="0.011">
    </testcase>
  </testsuite>
  <testsuite name="&lt;Models /&gt;" errors="0" failures="0" skipped="0" timestamp="2022-07-08T21:17:39" time="0.771" tests="1">
    <testcase classname="&lt;Models /&gt; was rendered" name="&lt;Models /&gt; was rendered" time="0.007">
    </testcase>
  </testsuite>
  <testsuite name="&lt;TryItOutButton/&gt;" errors="0" failures="0" skipped="0" timestamp="2022-07-08T21:17:39" time="0.779" tests="8">
    <testcase classname="&lt;TryItOutButton/&gt; was rendered" name="&lt;TryItOutButton/&gt; was rendered" time="0.024">
    </testcase>
    <testcase classname="&lt;TryItOutButton/&gt; can render content when servers not empty" name="&lt;TryItOutButton/&gt; can render content when servers not empty" time="0.011">
    </testcase>
    <testcase classname="&lt;TryItOutButton/&gt; can render content when servers not empty" name="&lt;TryItOutButton/&gt; can render content when servers not empty" time="0.009">
    </testcase>
    <testcase classname="&lt;TryItOutButton/&gt; has no content when servers are empty" name="&lt;TryItOutButton/&gt; has no content when servers are empty" time="0.002">
    </testcase>
    <testcase classname="&lt;TryItOutButton/&gt; has button `Try it out`" name="&lt;TryItOutButton/&gt; has button `Try it out`" time="0.003">
    </testcase>
    <testcase classname="&lt;TryItOutButton/&gt; has an aria label text: `Try sending an example request`" name="&lt;TryItOutButton/&gt; has an aria label text: `Try sending an example request`" time="0.002">
    </testcase>
    <testcase classname="&lt;TryItOutButton/&gt; has button `Cancel`" name="&lt;TryItOutButton/&gt; has button `Cancel`" time="0.001">
    </testcase>
    <testcase classname="&lt;TryItOutButton/&gt; has an aria label text: `Cancel sending an example request`" name="&lt;TryItOutButton/&gt; has an aria label text: `Cancel sending an example request`" time="0.002">
    </testcase>
  </testsuite>
  <testsuite name="&lt;OperationsTag/&gt;" errors="0" failures="0" skipped="0" timestamp="2022-07-08T21:17:39" time="0.779" tests="1">
    <testcase classname="&lt;OperationsTag/&gt; was rendered" name="&lt;OperationsTag/&gt; was rendered" time="0.012">
    </testcase>
  </testsuite>
  <testsuite name="&lt;SideBar/&gt;" errors="0" failures="8" skipped="0" timestamp="2022-07-08T21:17:39" time="0.831" tests="9">
    <testcase classname="&lt;SideBar/&gt; was rendered" name="&lt;SideBar/&gt; was rendered" time="0.011">
    </testcase>
    <testcase classname="&lt;SideBar/&gt; has a role button" name="&lt;SideBar/&gt; has a role button" time="0.034">
      <failure>TypeError: Cannot read properties of undefined (reading &apos;theme&apos;)
    at theme (/Users/julianestefan/Documents/projects/kong/swagger-ui-kong-theme/src/components/Sidebar/index.js:30:18)
    at renderWithHooks (/Users/julianestefan/Documents/projects/kong/swagger-ui-kong-theme/node_modules/react-dom/cjs/react-dom.development.js:14985:18)
    at mountIndeterminateComponent (/Users/julianestefan/Documents/projects/kong/swagger-ui-kong-theme/node_modules/react-dom/cjs/react-dom.development.js:17811:13)
    at beginWork (/Users/julianestefan/Documents/projects/kong/swagger-ui-kong-theme/node_modules/react-dom/cjs/react-dom.development.js:19049:16)
    at HTMLUnknownElement.callCallback (/Users/julianestefan/Documents/projects/kong/swagger-ui-kong-theme/node_modules/react-dom/cjs/react-dom.development.js:3945:14)
    at HTMLUnknownElement.callTheUserObjectsOperation (/Users/julianestefan/Documents/projects/kong/swagger-ui-kong-theme/node_modules/jsdom/lib/jsdom/living/generated/EventListener.js:26:30)
    at innerInvokeEventListeners (/Users/julianestefan/Documents/projects/kong/swagger-ui-kong-theme/node_modules/jsdom/lib/jsdom/living/events/EventTarget-impl.js:340:25)
    at invokeEventListeners (/Users/julianestefan/Documents/projects/kong/swagger-ui-kong-theme/node_modules/jsdom/lib/jsdom/living/events/EventTarget-impl.js:276:3)
    at HTMLUnknownElementImpl._dispatch (/Users/julianestefan/Documents/projects/kong/swagger-ui-kong-theme/node_modules/jsdom/lib/jsdom/living/events/EventTarget-impl.js:223:9)
    at HTMLUnknownElementImpl.dispatchEvent (/Users/julianestefan/Documents/projects/kong/swagger-ui-kong-theme/node_modules/jsdom/lib/jsdom/living/events/EventTarget-impl.js:94:17)
    at HTMLUnknownElement.dispatchEvent (/Users/julianestefan/Documents/projects/kong/swagger-ui-kong-theme/node_modules/jsdom/lib/jsdom/living/generated/EventTarget.js:241:34)
    at Object.invokeGuardedCallbackDev (/Users/julianestefan/Documents/projects/kong/swagger-ui-kong-theme/node_modules/react-dom/cjs/react-dom.development.js:3994:16)
    at invokeGuardedCallback (/Users/julianestefan/Documents/projects/kong/swagger-ui-kong-theme/node_modules/react-dom/cjs/react-dom.development.js:4056:31)
    at beginWork$1 (/Users/julianestefan/Documents/projects/kong/swagger-ui-kong-theme/node_modules/react-dom/cjs/react-dom.development.js:23964:7)
    at performUnitOfWork (/Users/julianestefan/Documents/projects/kong/swagger-ui-kong-theme/node_modules/react-dom/cjs/react-dom.development.js:22779:12)
    at workLoopSync (/Users/julianestefan/Documents/projects/kong/swagger-ui-kong-theme/node_modules/react-dom/cjs/react-dom.development.js:22707:5)
    at renderRootSync (/Users/julianestefan/Documents/projects/kong/swagger-ui-kong-theme/node_modules/react-dom/cjs/react-dom.development.js:22670:7)
    at performSyncWorkOnRoot (/Users/julianestefan/Documents/projects/kong/swagger-ui-kong-theme/node_modules/react-dom/cjs/react-dom.development.js:22293:18)
    at scheduleUpdateOnFiber (/Users/julianestefan/Documents/projects/kong/swagger-ui-kong-theme/node_modules/react-dom/cjs/react-dom.development.js:21881:7)
    at updateContainer (/Users/julianestefan/Documents/projects/kong/swagger-ui-kong-theme/node_modules/react-dom/cjs/react-dom.development.js:25482:3)
    at /Users/julianestefan/Documents/projects/kong/swagger-ui-kong-theme/node_modules/react-dom/cjs/react-dom.development.js:26021:7
    at unbatchedUpdates (/Users/julianestefan/Documents/projects/kong/swagger-ui-kong-theme/node_modules/react-dom/cjs/react-dom.development.js:22431:12)
    at legacyRenderSubtreeIntoContainer (/Users/julianestefan/Documents/projects/kong/swagger-ui-kong-theme/node_modules/react-dom/cjs/react-dom.development.js:26020:5)
    at Object.render (/Users/julianestefan/Documents/projects/kong/swagger-ui-kong-theme/node_modules/react-dom/cjs/react-dom.development.js:26103:10)
    at /Users/julianestefan/Documents/projects/kong/swagger-ui-kong-theme/node_modules/@testing-library/react/dist/pure.js:101:25
    at batchedUpdates$1 (/Users/julianestefan/Documents/projects/kong/swagger-ui-kong-theme/node_modules/react-dom/cjs/react-dom.development.js:22380:12)
    at act (/Users/julianestefan/Documents/projects/kong/swagger-ui-kong-theme/node_modules/react-dom/cjs/react-dom-test-utils.development.js:1042:14)
    at render (/Users/julianestefan/Documents/projects/kong/swagger-ui-kong-theme/node_modules/@testing-library/react/dist/pure.js:97:26)
    at renderComponent (/Users/julianestefan/Documents/projects/kong/swagger-ui-kong-theme/test/unit/common/components/Sidebar/Sidebar.test.js:22:33)
    at Object.renderComponent (/Users/julianestefan/Documents/projects/kong/swagger-ui-kong-theme/test/unit/common/components/Sidebar/Sidebar.test.js:32:13)
    at Promise.then.completed (/Users/julianestefan/Documents/projects/kong/swagger-ui-kong-theme/node_modules/jest-circus/build/utils.js:333:28)
    at new Promise (&lt;anonymous&gt;)
    at callAsyncCircusFn (/Users/julianestefan/Documents/projects/kong/swagger-ui-kong-theme/node_modules/jest-circus/build/utils.js:259:10)
    at _callCircusTest (/Users/julianestefan/Documents/projects/kong/swagger-ui-kong-theme/node_modules/jest-circus/build/run.js:277:40)
    at processTicksAndRejections (node:internal/process/task_queues:96:5)
    at _runTest (/Users/julianestefan/Documents/projects/kong/swagger-ui-kong-theme/node_modules/jest-circus/build/run.js:209:3)
    at _runTestsForDescribeBlock (/Users/julianestefan/Documents/projects/kong/swagger-ui-kong-theme/node_modules/jest-circus/build/run.js:97:9)
    at _runTestsForDescribeBlock (/Users/julianestefan/Documents/projects/kong/swagger-ui-kong-theme/node_modules/jest-circus/build/run.js:91:9)
    at run (/Users/julianestefan/Documents/projects/kong/swagger-ui-kong-theme/node_modules/jest-circus/build/run.js:31:3)
    at runAndTransformResultsToJestFormat (/Users/julianestefan/Documents/projects/kong/swagger-ui-kong-theme/node_modules/jest-circus/build/legacy-code-todo-rewrite/jestAdapterInit.js:135:21)
    at jestAdapter (/Users/julianestefan/Documents/projects/kong/swagger-ui-kong-theme/node_modules/jest-circus/build/legacy-code-todo-rewrite/jestAdapter.js:92:19)
    at runTestInternal (/Users/julianestefan/Documents/projects/kong/swagger-ui-kong-theme/node_modules/jest-runner/build/runTest.js:411:16)
    at runTest (/Users/julianestefan/Documents/projects/kong/swagger-ui-kong-theme/node_modules/jest-runner/build/runTest.js:499:34)
    at Object.worker (/Users/julianestefan/Documents/projects/kong/swagger-ui-kong-theme/node_modules/jest-runner/build/testWorker.js:133:12)</failure>
    </testcase>
    <testcase classname="&lt;SideBar/&gt; has `Open Sidebar` title" name="&lt;SideBar/&gt; has `Open Sidebar` title" time="0.003">
      <failure>TypeError: Cannot read properties of undefined (reading &apos;theme&apos;)
    at theme (/Users/julianestefan/Documents/projects/kong/swagger-ui-kong-theme/src/components/Sidebar/index.js:30:18)
    at renderWithHooks (/Users/julianestefan/Documents/projects/kong/swagger-ui-kong-theme/node_modules/react-dom/cjs/react-dom.development.js:14985:18)
    at mountIndeterminateComponent (/Users/julianestefan/Documents/projects/kong/swagger-ui-kong-theme/node_modules/react-dom/cjs/react-dom.development.js:17811:13)
    at beginWork (/Users/julianestefan/Documents/projects/kong/swagger-ui-kong-theme/node_modules/react-dom/cjs/react-dom.development.js:19049:16)
    at HTMLUnknownElement.callCallback (/Users/julianestefan/Documents/projects/kong/swagger-ui-kong-theme/node_modules/react-dom/cjs/react-dom.development.js:3945:14)
    at HTMLUnknownElement.callTheUserObjectsOperation (/Users/julianestefan/Documents/projects/kong/swagger-ui-kong-theme/node_modules/jsdom/lib/jsdom/living/generated/EventListener.js:26:30)
    at innerInvokeEventListeners (/Users/julianestefan/Documents/projects/kong/swagger-ui-kong-theme/node_modules/jsdom/lib/jsdom/living/events/EventTarget-impl.js:340:25)
    at invokeEventListeners (/Users/julianestefan/Documents/projects/kong/swagger-ui-kong-theme/node_modules/jsdom/lib/jsdom/living/events/EventTarget-impl.js:276:3)
    at HTMLUnknownElementImpl._dispatch (/Users/julianestefan/Documents/projects/kong/swagger-ui-kong-theme/node_modules/jsdom/lib/jsdom/living/events/EventTarget-impl.js:223:9)
    at HTMLUnknownElementImpl.dispatchEvent (/Users/julianestefan/Documents/projects/kong/swagger-ui-kong-theme/node_modules/jsdom/lib/jsdom/living/events/EventTarget-impl.js:94:17)
    at HTMLUnknownElement.dispatchEvent (/Users/julianestefan/Documents/projects/kong/swagger-ui-kong-theme/node_modules/jsdom/lib/jsdom/living/generated/EventTarget.js:241:34)
    at Object.invokeGuardedCallbackDev (/Users/julianestefan/Documents/projects/kong/swagger-ui-kong-theme/node_modules/react-dom/cjs/react-dom.development.js:3994:16)
    at invokeGuardedCallback (/Users/julianestefan/Documents/projects/kong/swagger-ui-kong-theme/node_modules/react-dom/cjs/react-dom.development.js:4056:31)
    at beginWork$1 (/Users/julianestefan/Documents/projects/kong/swagger-ui-kong-theme/node_modules/react-dom/cjs/react-dom.development.js:23964:7)
    at performUnitOfWork (/Users/julianestefan/Documents/projects/kong/swagger-ui-kong-theme/node_modules/react-dom/cjs/react-dom.development.js:22779:12)
    at workLoopSync (/Users/julianestefan/Documents/projects/kong/swagger-ui-kong-theme/node_modules/react-dom/cjs/react-dom.development.js:22707:5)
    at renderRootSync (/Users/julianestefan/Documents/projects/kong/swagger-ui-kong-theme/node_modules/react-dom/cjs/react-dom.development.js:22670:7)
    at performSyncWorkOnRoot (/Users/julianestefan/Documents/projects/kong/swagger-ui-kong-theme/node_modules/react-dom/cjs/react-dom.development.js:22293:18)
    at scheduleUpdateOnFiber (/Users/julianestefan/Documents/projects/kong/swagger-ui-kong-theme/node_modules/react-dom/cjs/react-dom.development.js:21881:7)
    at updateContainer (/Users/julianestefan/Documents/projects/kong/swagger-ui-kong-theme/node_modules/react-dom/cjs/react-dom.development.js:25482:3)
    at /Users/julianestefan/Documents/projects/kong/swagger-ui-kong-theme/node_modules/react-dom/cjs/react-dom.development.js:26021:7
    at unbatchedUpdates (/Users/julianestefan/Documents/projects/kong/swagger-ui-kong-theme/node_modules/react-dom/cjs/react-dom.development.js:22431:12)
    at legacyRenderSubtreeIntoContainer (/Users/julianestefan/Documents/projects/kong/swagger-ui-kong-theme/node_modules/react-dom/cjs/react-dom.development.js:26020:5)
    at Object.render (/Users/julianestefan/Documents/projects/kong/swagger-ui-kong-theme/node_modules/react-dom/cjs/react-dom.development.js:26103:10)
    at /Users/julianestefan/Documents/projects/kong/swagger-ui-kong-theme/node_modules/@testing-library/react/dist/pure.js:101:25
    at batchedUpdates$1 (/Users/julianestefan/Documents/projects/kong/swagger-ui-kong-theme/node_modules/react-dom/cjs/react-dom.development.js:22380:12)
    at act (/Users/julianestefan/Documents/projects/kong/swagger-ui-kong-theme/node_modules/react-dom/cjs/react-dom-test-utils.development.js:1042:14)
    at render (/Users/julianestefan/Documents/projects/kong/swagger-ui-kong-theme/node_modules/@testing-library/react/dist/pure.js:97:26)
    at renderComponent (/Users/julianestefan/Documents/projects/kong/swagger-ui-kong-theme/test/unit/common/components/Sidebar/Sidebar.test.js:22:33)
    at Object.renderComponent (/Users/julianestefan/Documents/projects/kong/swagger-ui-kong-theme/test/unit/common/components/Sidebar/Sidebar.test.js:38:13)
    at Promise.then.completed (/Users/julianestefan/Documents/projects/kong/swagger-ui-kong-theme/node_modules/jest-circus/build/utils.js:333:28)
    at new Promise (&lt;anonymous&gt;)
    at callAsyncCircusFn (/Users/julianestefan/Documents/projects/kong/swagger-ui-kong-theme/node_modules/jest-circus/build/utils.js:259:10)
    at _callCircusTest (/Users/julianestefan/Documents/projects/kong/swagger-ui-kong-theme/node_modules/jest-circus/build/run.js:277:40)
    at processTicksAndRejections (node:internal/process/task_queues:96:5)
    at _runTest (/Users/julianestefan/Documents/projects/kong/swagger-ui-kong-theme/node_modules/jest-circus/build/run.js:209:3)
    at _runTestsForDescribeBlock (/Users/julianestefan/Documents/projects/kong/swagger-ui-kong-theme/node_modules/jest-circus/build/run.js:97:9)
    at _runTestsForDescribeBlock (/Users/julianestefan/Documents/projects/kong/swagger-ui-kong-theme/node_modules/jest-circus/build/run.js:91:9)
    at run (/Users/julianestefan/Documents/projects/kong/swagger-ui-kong-theme/node_modules/jest-circus/build/run.js:31:3)
    at runAndTransformResultsToJestFormat (/Users/julianestefan/Documents/projects/kong/swagger-ui-kong-theme/node_modules/jest-circus/build/legacy-code-todo-rewrite/jestAdapterInit.js:135:21)
    at jestAdapter (/Users/julianestefan/Documents/projects/kong/swagger-ui-kong-theme/node_modules/jest-circus/build/legacy-code-todo-rewrite/jestAdapter.js:92:19)
    at runTestInternal (/Users/julianestefan/Documents/projects/kong/swagger-ui-kong-theme/node_modules/jest-runner/build/runTest.js:411:16)
    at runTest (/Users/julianestefan/Documents/projects/kong/swagger-ui-kong-theme/node_modules/jest-runner/build/runTest.js:499:34)
    at Object.worker (/Users/julianestefan/Documents/projects/kong/swagger-ui-kong-theme/node_modules/jest-runner/build/testWorker.js:133:12)</failure>
    </testcase>
    <testcase classname="&lt;SideBar/&gt; can be clicked: sidebar opens" name="&lt;SideBar/&gt; can be clicked: sidebar opens" time="0.003">
      <failure>TypeError: Cannot read properties of undefined (reading &apos;theme&apos;)
    at theme (/Users/julianestefan/Documents/projects/kong/swagger-ui-kong-theme/src/components/Sidebar/index.js:30:18)
    at renderWithHooks (/Users/julianestefan/Documents/projects/kong/swagger-ui-kong-theme/node_modules/react-dom/cjs/react-dom.development.js:14985:18)
    at mountIndeterminateComponent (/Users/julianestefan/Documents/projects/kong/swagger-ui-kong-theme/node_modules/react-dom/cjs/react-dom.development.js:17811:13)
    at beginWork (/Users/julianestefan/Documents/projects/kong/swagger-ui-kong-theme/node_modules/react-dom/cjs/react-dom.development.js:19049:16)
    at HTMLUnknownElement.callCallback (/Users/julianestefan/Documents/projects/kong/swagger-ui-kong-theme/node_modules/react-dom/cjs/react-dom.development.js:3945:14)
    at HTMLUnknownElement.callTheUserObjectsOperation (/Users/julianestefan/Documents/projects/kong/swagger-ui-kong-theme/node_modules/jsdom/lib/jsdom/living/generated/EventListener.js:26:30)
    at innerInvokeEventListeners (/Users/julianestefan/Documents/projects/kong/swagger-ui-kong-theme/node_modules/jsdom/lib/jsdom/living/events/EventTarget-impl.js:340:25)
    at invokeEventListeners (/Users/julianestefan/Documents/projects/kong/swagger-ui-kong-theme/node_modules/jsdom/lib/jsdom/living/events/EventTarget-impl.js:276:3)
    at HTMLUnknownElementImpl._dispatch (/Users/julianestefan/Documents/projects/kong/swagger-ui-kong-theme/node_modules/jsdom/lib/jsdom/living/events/EventTarget-impl.js:223:9)
    at HTMLUnknownElementImpl.dispatchEvent (/Users/julianestefan/Documents/projects/kong/swagger-ui-kong-theme/node_modules/jsdom/lib/jsdom/living/events/EventTarget-impl.js:94:17)
    at HTMLUnknownElement.dispatchEvent (/Users/julianestefan/Documents/projects/kong/swagger-ui-kong-theme/node_modules/jsdom/lib/jsdom/living/generated/EventTarget.js:241:34)
    at Object.invokeGuardedCallbackDev (/Users/julianestefan/Documents/projects/kong/swagger-ui-kong-theme/node_modules/react-dom/cjs/react-dom.development.js:3994:16)
    at invokeGuardedCallback (/Users/julianestefan/Documents/projects/kong/swagger-ui-kong-theme/node_modules/react-dom/cjs/react-dom.development.js:4056:31)
    at beginWork$1 (/Users/julianestefan/Documents/projects/kong/swagger-ui-kong-theme/node_modules/react-dom/cjs/react-dom.development.js:23964:7)
    at performUnitOfWork (/Users/julianestefan/Documents/projects/kong/swagger-ui-kong-theme/node_modules/react-dom/cjs/react-dom.development.js:22779:12)
    at workLoopSync (/Users/julianestefan/Documents/projects/kong/swagger-ui-kong-theme/node_modules/react-dom/cjs/react-dom.development.js:22707:5)
    at renderRootSync (/Users/julianestefan/Documents/projects/kong/swagger-ui-kong-theme/node_modules/react-dom/cjs/react-dom.development.js:22670:7)
    at performSyncWorkOnRoot (/Users/julianestefan/Documents/projects/kong/swagger-ui-kong-theme/node_modules/react-dom/cjs/react-dom.development.js:22293:18)
    at scheduleUpdateOnFiber (/Users/julianestefan/Documents/projects/kong/swagger-ui-kong-theme/node_modules/react-dom/cjs/react-dom.development.js:21881:7)
    at updateContainer (/Users/julianestefan/Documents/projects/kong/swagger-ui-kong-theme/node_modules/react-dom/cjs/react-dom.development.js:25482:3)
    at /Users/julianestefan/Documents/projects/kong/swagger-ui-kong-theme/node_modules/react-dom/cjs/react-dom.development.js:26021:7
    at unbatchedUpdates (/Users/julianestefan/Documents/projects/kong/swagger-ui-kong-theme/node_modules/react-dom/cjs/react-dom.development.js:22431:12)
    at legacyRenderSubtreeIntoContainer (/Users/julianestefan/Documents/projects/kong/swagger-ui-kong-theme/node_modules/react-dom/cjs/react-dom.development.js:26020:5)
    at Object.render (/Users/julianestefan/Documents/projects/kong/swagger-ui-kong-theme/node_modules/react-dom/cjs/react-dom.development.js:26103:10)
    at /Users/julianestefan/Documents/projects/kong/swagger-ui-kong-theme/node_modules/@testing-library/react/dist/pure.js:101:25
    at batchedUpdates$1 (/Users/julianestefan/Documents/projects/kong/swagger-ui-kong-theme/node_modules/react-dom/cjs/react-dom.development.js:22380:12)
    at act (/Users/julianestefan/Documents/projects/kong/swagger-ui-kong-theme/node_modules/react-dom/cjs/react-dom-test-utils.development.js:1042:14)
    at render (/Users/julianestefan/Documents/projects/kong/swagger-ui-kong-theme/node_modules/@testing-library/react/dist/pure.js:97:26)
    at renderComponent (/Users/julianestefan/Documents/projects/kong/swagger-ui-kong-theme/test/unit/common/components/Sidebar/Sidebar.test.js:22:33)
    at renderComponent (/Users/julianestefan/Documents/projects/kong/swagger-ui-kong-theme/test/unit/common/components/Sidebar/Sidebar.test.js:45:13)
    at tryCatch (/Users/julianestefan/Documents/projects/kong/swagger-ui-kong-theme/test/unit/common/components/Sidebar/Sidebar.test.js:17:2404)
    at Generator._invoke (/Users/julianestefan/Documents/projects/kong/swagger-ui-kong-theme/test/unit/common/components/Sidebar/Sidebar.test.js:17:1964)
    at Generator.next (/Users/julianestefan/Documents/projects/kong/swagger-ui-kong-theme/test/unit/common/components/Sidebar/Sidebar.test.js:17:3255)
    at asyncGeneratorStep (/Users/julianestefan/Documents/projects/kong/swagger-ui-kong-theme/test/unit/common/components/Sidebar/Sidebar.test.js:19:103)
    at _next (/Users/julianestefan/Documents/projects/kong/swagger-ui-kong-theme/test/unit/common/components/Sidebar/Sidebar.test.js:21:194)
    at /Users/julianestefan/Documents/projects/kong/swagger-ui-kong-theme/test/unit/common/components/Sidebar/Sidebar.test.js:21:364
    at new Promise (&lt;anonymous&gt;)
    at Object.&lt;anonymous&gt; (/Users/julianestefan/Documents/projects/kong/swagger-ui-kong-theme/test/unit/common/components/Sidebar/Sidebar.test.js:21:97)
    at Promise.then.completed (/Users/julianestefan/Documents/projects/kong/swagger-ui-kong-theme/node_modules/jest-circus/build/utils.js:333:28)
    at new Promise (&lt;anonymous&gt;)
    at callAsyncCircusFn (/Users/julianestefan/Documents/projects/kong/swagger-ui-kong-theme/node_modules/jest-circus/build/utils.js:259:10)
    at _callCircusTest (/Users/julianestefan/Documents/projects/kong/swagger-ui-kong-theme/node_modules/jest-circus/build/run.js:277:40)
    at processTicksAndRejections (node:internal/process/task_queues:96:5)
    at _runTest (/Users/julianestefan/Documents/projects/kong/swagger-ui-kong-theme/node_modules/jest-circus/build/run.js:209:3)
    at _runTestsForDescribeBlock (/Users/julianestefan/Documents/projects/kong/swagger-ui-kong-theme/node_modules/jest-circus/build/run.js:97:9)
    at _runTestsForDescribeBlock (/Users/julianestefan/Documents/projects/kong/swagger-ui-kong-theme/node_modules/jest-circus/build/run.js:91:9)
    at run (/Users/julianestefan/Documents/projects/kong/swagger-ui-kong-theme/node_modules/jest-circus/build/run.js:31:3)
    at runAndTransformResultsToJestFormat (/Users/julianestefan/Documents/projects/kong/swagger-ui-kong-theme/node_modules/jest-circus/build/legacy-code-todo-rewrite/jestAdapterInit.js:135:21)
    at jestAdapter (/Users/julianestefan/Documents/projects/kong/swagger-ui-kong-theme/node_modules/jest-circus/build/legacy-code-todo-rewrite/jestAdapter.js:92:19)
    at runTestInternal (/Users/julianestefan/Documents/projects/kong/swagger-ui-kong-theme/node_modules/jest-runner/build/runTest.js:411:16)
    at runTest (/Users/julianestefan/Documents/projects/kong/swagger-ui-kong-theme/node_modules/jest-runner/build/runTest.js:499:34)
    at Object.worker (/Users/julianestefan/Documents/projects/kong/swagger-ui-kong-theme/node_modules/jest-runner/build/testWorker.js:133:12)</failure>
    </testcase>
    <testcase classname="&lt;SideBar/&gt; can be clicked: sidebar opens &amp; closes" name="&lt;SideBar/&gt; can be clicked: sidebar opens &amp; closes" time="0.009">
      <failure>TypeError: Cannot read properties of undefined (reading &apos;theme&apos;)
    at theme (/Users/julianestefan/Documents/projects/kong/swagger-ui-kong-theme/src/components/Sidebar/index.js:30:18)
    at renderWithHooks (/Users/julianestefan/Documents/projects/kong/swagger-ui-kong-theme/node_modules/react-dom/cjs/react-dom.development.js:14985:18)
    at mountIndeterminateComponent (/Users/julianestefan/Documents/projects/kong/swagger-ui-kong-theme/node_modules/react-dom/cjs/react-dom.development.js:17811:13)
    at beginWork (/Users/julianestefan/Documents/projects/kong/swagger-ui-kong-theme/node_modules/react-dom/cjs/react-dom.development.js:19049:16)
    at HTMLUnknownElement.callCallback (/Users/julianestefan/Documents/projects/kong/swagger-ui-kong-theme/node_modules/react-dom/cjs/react-dom.development.js:3945:14)
    at HTMLUnknownElement.callTheUserObjectsOperation (/Users/julianestefan/Documents/projects/kong/swagger-ui-kong-theme/node_modules/jsdom/lib/jsdom/living/generated/EventListener.js:26:30)
    at innerInvokeEventListeners (/Users/julianestefan/Documents/projects/kong/swagger-ui-kong-theme/node_modules/jsdom/lib/jsdom/living/events/EventTarget-impl.js:340:25)
    at invokeEventListeners (/Users/julianestefan/Documents/projects/kong/swagger-ui-kong-theme/node_modules/jsdom/lib/jsdom/living/events/EventTarget-impl.js:276:3)
    at HTMLUnknownElementImpl._dispatch (/Users/julianestefan/Documents/projects/kong/swagger-ui-kong-theme/node_modules/jsdom/lib/jsdom/living/events/EventTarget-impl.js:223:9)
    at HTMLUnknownElementImpl.dispatchEvent (/Users/julianestefan/Documents/projects/kong/swagger-ui-kong-theme/node_modules/jsdom/lib/jsdom/living/events/EventTarget-impl.js:94:17)
    at HTMLUnknownElement.dispatchEvent (/Users/julianestefan/Documents/projects/kong/swagger-ui-kong-theme/node_modules/jsdom/lib/jsdom/living/generated/EventTarget.js:241:34)
    at Object.invokeGuardedCallbackDev (/Users/julianestefan/Documents/projects/kong/swagger-ui-kong-theme/node_modules/react-dom/cjs/react-dom.development.js:3994:16)
    at invokeGuardedCallback (/Users/julianestefan/Documents/projects/kong/swagger-ui-kong-theme/node_modules/react-dom/cjs/react-dom.development.js:4056:31)
    at beginWork$1 (/Users/julianestefan/Documents/projects/kong/swagger-ui-kong-theme/node_modules/react-dom/cjs/react-dom.development.js:23964:7)
    at performUnitOfWork (/Users/julianestefan/Documents/projects/kong/swagger-ui-kong-theme/node_modules/react-dom/cjs/react-dom.development.js:22779:12)
    at workLoopSync (/Users/julianestefan/Documents/projects/kong/swagger-ui-kong-theme/node_modules/react-dom/cjs/react-dom.development.js:22707:5)
    at renderRootSync (/Users/julianestefan/Documents/projects/kong/swagger-ui-kong-theme/node_modules/react-dom/cjs/react-dom.development.js:22670:7)
    at performSyncWorkOnRoot (/Users/julianestefan/Documents/projects/kong/swagger-ui-kong-theme/node_modules/react-dom/cjs/react-dom.development.js:22293:18)
    at scheduleUpdateOnFiber (/Users/julianestefan/Documents/projects/kong/swagger-ui-kong-theme/node_modules/react-dom/cjs/react-dom.development.js:21881:7)
    at updateContainer (/Users/julianestefan/Documents/projects/kong/swagger-ui-kong-theme/node_modules/react-dom/cjs/react-dom.development.js:25482:3)
    at /Users/julianestefan/Documents/projects/kong/swagger-ui-kong-theme/node_modules/react-dom/cjs/react-dom.development.js:26021:7
    at unbatchedUpdates (/Users/julianestefan/Documents/projects/kong/swagger-ui-kong-theme/node_modules/react-dom/cjs/react-dom.development.js:22431:12)
    at legacyRenderSubtreeIntoContainer (/Users/julianestefan/Documents/projects/kong/swagger-ui-kong-theme/node_modules/react-dom/cjs/react-dom.development.js:26020:5)
    at Object.render (/Users/julianestefan/Documents/projects/kong/swagger-ui-kong-theme/node_modules/react-dom/cjs/react-dom.development.js:26103:10)
    at /Users/julianestefan/Documents/projects/kong/swagger-ui-kong-theme/node_modules/@testing-library/react/dist/pure.js:101:25
    at batchedUpdates$1 (/Users/julianestefan/Documents/projects/kong/swagger-ui-kong-theme/node_modules/react-dom/cjs/react-dom.development.js:22380:12)
    at act (/Users/julianestefan/Documents/projects/kong/swagger-ui-kong-theme/node_modules/react-dom/cjs/react-dom-test-utils.development.js:1042:14)
    at render (/Users/julianestefan/Documents/projects/kong/swagger-ui-kong-theme/node_modules/@testing-library/react/dist/pure.js:97:26)
    at renderComponent (/Users/julianestefan/Documents/projects/kong/swagger-ui-kong-theme/test/unit/common/components/Sidebar/Sidebar.test.js:22:33)
    at renderComponent (/Users/julianestefan/Documents/projects/kong/swagger-ui-kong-theme/test/unit/common/components/Sidebar/Sidebar.test.js:52:13)
    at tryCatch (/Users/julianestefan/Documents/projects/kong/swagger-ui-kong-theme/test/unit/common/components/Sidebar/Sidebar.test.js:17:2404)
    at Generator._invoke (/Users/julianestefan/Documents/projects/kong/swagger-ui-kong-theme/test/unit/common/components/Sidebar/Sidebar.test.js:17:1964)
    at Generator.next (/Users/julianestefan/Documents/projects/kong/swagger-ui-kong-theme/test/unit/common/components/Sidebar/Sidebar.test.js:17:3255)
    at asyncGeneratorStep (/Users/julianestefan/Documents/projects/kong/swagger-ui-kong-theme/test/unit/common/components/Sidebar/Sidebar.test.js:19:103)
    at _next (/Users/julianestefan/Documents/projects/kong/swagger-ui-kong-theme/test/unit/common/components/Sidebar/Sidebar.test.js:21:194)
    at /Users/julianestefan/Documents/projects/kong/swagger-ui-kong-theme/test/unit/common/components/Sidebar/Sidebar.test.js:21:364
    at new Promise (&lt;anonymous&gt;)
    at Object.&lt;anonymous&gt; (/Users/julianestefan/Documents/projects/kong/swagger-ui-kong-theme/test/unit/common/components/Sidebar/Sidebar.test.js:21:97)
    at Promise.then.completed (/Users/julianestefan/Documents/projects/kong/swagger-ui-kong-theme/node_modules/jest-circus/build/utils.js:333:28)
    at new Promise (&lt;anonymous&gt;)
    at callAsyncCircusFn (/Users/julianestefan/Documents/projects/kong/swagger-ui-kong-theme/node_modules/jest-circus/build/utils.js:259:10)
    at _callCircusTest (/Users/julianestefan/Documents/projects/kong/swagger-ui-kong-theme/node_modules/jest-circus/build/run.js:277:40)
    at processTicksAndRejections (node:internal/process/task_queues:96:5)
    at _runTest (/Users/julianestefan/Documents/projects/kong/swagger-ui-kong-theme/node_modules/jest-circus/build/run.js:209:3)
    at _runTestsForDescribeBlock (/Users/julianestefan/Documents/projects/kong/swagger-ui-kong-theme/node_modules/jest-circus/build/run.js:97:9)
    at _runTestsForDescribeBlock (/Users/julianestefan/Documents/projects/kong/swagger-ui-kong-theme/node_modules/jest-circus/build/run.js:91:9)
    at run (/Users/julianestefan/Documents/projects/kong/swagger-ui-kong-theme/node_modules/jest-circus/build/run.js:31:3)
    at runAndTransformResultsToJestFormat (/Users/julianestefan/Documents/projects/kong/swagger-ui-kong-theme/node_modules/jest-circus/build/legacy-code-todo-rewrite/jestAdapterInit.js:135:21)
    at jestAdapter (/Users/julianestefan/Documents/projects/kong/swagger-ui-kong-theme/node_modules/jest-circus/build/legacy-code-todo-rewrite/jestAdapter.js:92:19)
    at runTestInternal (/Users/julianestefan/Documents/projects/kong/swagger-ui-kong-theme/node_modules/jest-runner/build/runTest.js:411:16)
    at runTest (/Users/julianestefan/Documents/projects/kong/swagger-ui-kong-theme/node_modules/jest-runner/build/runTest.js:499:34)
    at Object.worker (/Users/julianestefan/Documents/projects/kong/swagger-ui-kong-theme/node_modules/jest-runner/build/testWorker.js:133:12)</failure>
    </testcase>
    <testcase classname="&lt;SideBar/&gt; can be clicked: Sidebar list is rendered" name="&lt;SideBar/&gt; can be clicked: Sidebar list is rendered" time="0.004">
      <failure>TypeError: Cannot read properties of undefined (reading &apos;theme&apos;)
    at theme (/Users/julianestefan/Documents/projects/kong/swagger-ui-kong-theme/src/components/Sidebar/index.js:30:18)
    at renderWithHooks (/Users/julianestefan/Documents/projects/kong/swagger-ui-kong-theme/node_modules/react-dom/cjs/react-dom.development.js:14985:18)
    at mountIndeterminateComponent (/Users/julianestefan/Documents/projects/kong/swagger-ui-kong-theme/node_modules/react-dom/cjs/react-dom.development.js:17811:13)
    at beginWork (/Users/julianestefan/Documents/projects/kong/swagger-ui-kong-theme/node_modules/react-dom/cjs/react-dom.development.js:19049:16)
    at HTMLUnknownElement.callCallback (/Users/julianestefan/Documents/projects/kong/swagger-ui-kong-theme/node_modules/react-dom/cjs/react-dom.development.js:3945:14)
    at HTMLUnknownElement.callTheUserObjectsOperation (/Users/julianestefan/Documents/projects/kong/swagger-ui-kong-theme/node_modules/jsdom/lib/jsdom/living/generated/EventListener.js:26:30)
    at innerInvokeEventListeners (/Users/julianestefan/Documents/projects/kong/swagger-ui-kong-theme/node_modules/jsdom/lib/jsdom/living/events/EventTarget-impl.js:340:25)
    at invokeEventListeners (/Users/julianestefan/Documents/projects/kong/swagger-ui-kong-theme/node_modules/jsdom/lib/jsdom/living/events/EventTarget-impl.js:276:3)
    at HTMLUnknownElementImpl._dispatch (/Users/julianestefan/Documents/projects/kong/swagger-ui-kong-theme/node_modules/jsdom/lib/jsdom/living/events/EventTarget-impl.js:223:9)
    at HTMLUnknownElementImpl.dispatchEvent (/Users/julianestefan/Documents/projects/kong/swagger-ui-kong-theme/node_modules/jsdom/lib/jsdom/living/events/EventTarget-impl.js:94:17)
    at HTMLUnknownElement.dispatchEvent (/Users/julianestefan/Documents/projects/kong/swagger-ui-kong-theme/node_modules/jsdom/lib/jsdom/living/generated/EventTarget.js:241:34)
    at Object.invokeGuardedCallbackDev (/Users/julianestefan/Documents/projects/kong/swagger-ui-kong-theme/node_modules/react-dom/cjs/react-dom.development.js:3994:16)
    at invokeGuardedCallback (/Users/julianestefan/Documents/projects/kong/swagger-ui-kong-theme/node_modules/react-dom/cjs/react-dom.development.js:4056:31)
    at beginWork$1 (/Users/julianestefan/Documents/projects/kong/swagger-ui-kong-theme/node_modules/react-dom/cjs/react-dom.development.js:23964:7)
    at performUnitOfWork (/Users/julianestefan/Documents/projects/kong/swagger-ui-kong-theme/node_modules/react-dom/cjs/react-dom.development.js:22779:12)
    at workLoopSync (/Users/julianestefan/Documents/projects/kong/swagger-ui-kong-theme/node_modules/react-dom/cjs/react-dom.development.js:22707:5)
    at renderRootSync (/Users/julianestefan/Documents/projects/kong/swagger-ui-kong-theme/node_modules/react-dom/cjs/react-dom.development.js:22670:7)
    at performSyncWorkOnRoot (/Users/julianestefan/Documents/projects/kong/swagger-ui-kong-theme/node_modules/react-dom/cjs/react-dom.development.js:22293:18)
    at scheduleUpdateOnFiber (/Users/julianestefan/Documents/projects/kong/swagger-ui-kong-theme/node_modules/react-dom/cjs/react-dom.development.js:21881:7)
    at updateContainer (/Users/julianestefan/Documents/projects/kong/swagger-ui-kong-theme/node_modules/react-dom/cjs/react-dom.development.js:25482:3)
    at /Users/julianestefan/Documents/projects/kong/swagger-ui-kong-theme/node_modules/react-dom/cjs/react-dom.development.js:26021:7
    at unbatchedUpdates (/Users/julianestefan/Documents/projects/kong/swagger-ui-kong-theme/node_modules/react-dom/cjs/react-dom.development.js:22431:12)
    at legacyRenderSubtreeIntoContainer (/Users/julianestefan/Documents/projects/kong/swagger-ui-kong-theme/node_modules/react-dom/cjs/react-dom.development.js:26020:5)
    at Object.render (/Users/julianestefan/Documents/projects/kong/swagger-ui-kong-theme/node_modules/react-dom/cjs/react-dom.development.js:26103:10)
    at /Users/julianestefan/Documents/projects/kong/swagger-ui-kong-theme/node_modules/@testing-library/react/dist/pure.js:101:25
    at batchedUpdates$1 (/Users/julianestefan/Documents/projects/kong/swagger-ui-kong-theme/node_modules/react-dom/cjs/react-dom.development.js:22380:12)
    at act (/Users/julianestefan/Documents/projects/kong/swagger-ui-kong-theme/node_modules/react-dom/cjs/react-dom-test-utils.development.js:1042:14)
    at render (/Users/julianestefan/Documents/projects/kong/swagger-ui-kong-theme/node_modules/@testing-library/react/dist/pure.js:97:26)
    at renderComponent (/Users/julianestefan/Documents/projects/kong/swagger-ui-kong-theme/test/unit/common/components/Sidebar/Sidebar.test.js:22:33)
    at renderComponent (/Users/julianestefan/Documents/projects/kong/swagger-ui-kong-theme/test/unit/common/components/Sidebar/Sidebar.test.js:60:13)
    at tryCatch (/Users/julianestefan/Documents/projects/kong/swagger-ui-kong-theme/test/unit/common/components/Sidebar/Sidebar.test.js:17:2404)
    at Generator._invoke (/Users/julianestefan/Documents/projects/kong/swagger-ui-kong-theme/test/unit/common/components/Sidebar/Sidebar.test.js:17:1964)
    at Generator.next (/Users/julianestefan/Documents/projects/kong/swagger-ui-kong-theme/test/unit/common/components/Sidebar/Sidebar.test.js:17:3255)
    at asyncGeneratorStep (/Users/julianestefan/Documents/projects/kong/swagger-ui-kong-theme/test/unit/common/components/Sidebar/Sidebar.test.js:19:103)
    at _next (/Users/julianestefan/Documents/projects/kong/swagger-ui-kong-theme/test/unit/common/components/Sidebar/Sidebar.test.js:21:194)
    at /Users/julianestefan/Documents/projects/kong/swagger-ui-kong-theme/test/unit/common/components/Sidebar/Sidebar.test.js:21:364
    at new Promise (&lt;anonymous&gt;)
    at Object.&lt;anonymous&gt; (/Users/julianestefan/Documents/projects/kong/swagger-ui-kong-theme/test/unit/common/components/Sidebar/Sidebar.test.js:21:97)
    at Promise.then.completed (/Users/julianestefan/Documents/projects/kong/swagger-ui-kong-theme/node_modules/jest-circus/build/utils.js:333:28)
    at new Promise (&lt;anonymous&gt;)
    at callAsyncCircusFn (/Users/julianestefan/Documents/projects/kong/swagger-ui-kong-theme/node_modules/jest-circus/build/utils.js:259:10)
    at _callCircusTest (/Users/julianestefan/Documents/projects/kong/swagger-ui-kong-theme/node_modules/jest-circus/build/run.js:277:40)
    at processTicksAndRejections (node:internal/process/task_queues:96:5)
    at _runTest (/Users/julianestefan/Documents/projects/kong/swagger-ui-kong-theme/node_modules/jest-circus/build/run.js:209:3)
    at _runTestsForDescribeBlock (/Users/julianestefan/Documents/projects/kong/swagger-ui-kong-theme/node_modules/jest-circus/build/run.js:97:9)
    at _runTestsForDescribeBlock (/Users/julianestefan/Documents/projects/kong/swagger-ui-kong-theme/node_modules/jest-circus/build/run.js:91:9)
    at run (/Users/julianestefan/Documents/projects/kong/swagger-ui-kong-theme/node_modules/jest-circus/build/run.js:31:3)
    at runAndTransformResultsToJestFormat (/Users/julianestefan/Documents/projects/kong/swagger-ui-kong-theme/node_modules/jest-circus/build/legacy-code-todo-rewrite/jestAdapterInit.js:135:21)
    at jestAdapter (/Users/julianestefan/Documents/projects/kong/swagger-ui-kong-theme/node_modules/jest-circus/build/legacy-code-todo-rewrite/jestAdapter.js:92:19)
    at runTestInternal (/Users/julianestefan/Documents/projects/kong/swagger-ui-kong-theme/node_modules/jest-runner/build/runTest.js:411:16)
    at runTest (/Users/julianestefan/Documents/projects/kong/swagger-ui-kong-theme/node_modules/jest-runner/build/runTest.js:499:34)
    at Object.worker (/Users/julianestefan/Documents/projects/kong/swagger-ui-kong-theme/node_modules/jest-runner/build/testWorker.js:133:12)</failure>
    </testcase>
    <testcase classname="&lt;SideBar/&gt; on `Space` press opens sidebar" name="&lt;SideBar/&gt; on `Space` press opens sidebar" time="0.003">
      <failure>TypeError: Cannot read properties of undefined (reading &apos;theme&apos;)
    at theme (/Users/julianestefan/Documents/projects/kong/swagger-ui-kong-theme/src/components/Sidebar/index.js:30:18)
    at renderWithHooks (/Users/julianestefan/Documents/projects/kong/swagger-ui-kong-theme/node_modules/react-dom/cjs/react-dom.development.js:14985:18)
    at mountIndeterminateComponent (/Users/julianestefan/Documents/projects/kong/swagger-ui-kong-theme/node_modules/react-dom/cjs/react-dom.development.js:17811:13)
    at beginWork (/Users/julianestefan/Documents/projects/kong/swagger-ui-kong-theme/node_modules/react-dom/cjs/react-dom.development.js:19049:16)
    at HTMLUnknownElement.callCallback (/Users/julianestefan/Documents/projects/kong/swagger-ui-kong-theme/node_modules/react-dom/cjs/react-dom.development.js:3945:14)
    at HTMLUnknownElement.callTheUserObjectsOperation (/Users/julianestefan/Documents/projects/kong/swagger-ui-kong-theme/node_modules/jsdom/lib/jsdom/living/generated/EventListener.js:26:30)
    at innerInvokeEventListeners (/Users/julianestefan/Documents/projects/kong/swagger-ui-kong-theme/node_modules/jsdom/lib/jsdom/living/events/EventTarget-impl.js:340:25)
    at invokeEventListeners (/Users/julianestefan/Documents/projects/kong/swagger-ui-kong-theme/node_modules/jsdom/lib/jsdom/living/events/EventTarget-impl.js:276:3)
    at HTMLUnknownElementImpl._dispatch (/Users/julianestefan/Documents/projects/kong/swagger-ui-kong-theme/node_modules/jsdom/lib/jsdom/living/events/EventTarget-impl.js:223:9)
    at HTMLUnknownElementImpl.dispatchEvent (/Users/julianestefan/Documents/projects/kong/swagger-ui-kong-theme/node_modules/jsdom/lib/jsdom/living/events/EventTarget-impl.js:94:17)
    at HTMLUnknownElement.dispatchEvent (/Users/julianestefan/Documents/projects/kong/swagger-ui-kong-theme/node_modules/jsdom/lib/jsdom/living/generated/EventTarget.js:241:34)
    at Object.invokeGuardedCallbackDev (/Users/julianestefan/Documents/projects/kong/swagger-ui-kong-theme/node_modules/react-dom/cjs/react-dom.development.js:3994:16)
    at invokeGuardedCallback (/Users/julianestefan/Documents/projects/kong/swagger-ui-kong-theme/node_modules/react-dom/cjs/react-dom.development.js:4056:31)
    at beginWork$1 (/Users/julianestefan/Documents/projects/kong/swagger-ui-kong-theme/node_modules/react-dom/cjs/react-dom.development.js:23964:7)
    at performUnitOfWork (/Users/julianestefan/Documents/projects/kong/swagger-ui-kong-theme/node_modules/react-dom/cjs/react-dom.development.js:22779:12)
    at workLoopSync (/Users/julianestefan/Documents/projects/kong/swagger-ui-kong-theme/node_modules/react-dom/cjs/react-dom.development.js:22707:5)
    at renderRootSync (/Users/julianestefan/Documents/projects/kong/swagger-ui-kong-theme/node_modules/react-dom/cjs/react-dom.development.js:22670:7)
    at performSyncWorkOnRoot (/Users/julianestefan/Documents/projects/kong/swagger-ui-kong-theme/node_modules/react-dom/cjs/react-dom.development.js:22293:18)
    at scheduleUpdateOnFiber (/Users/julianestefan/Documents/projects/kong/swagger-ui-kong-theme/node_modules/react-dom/cjs/react-dom.development.js:21881:7)
    at updateContainer (/Users/julianestefan/Documents/projects/kong/swagger-ui-kong-theme/node_modules/react-dom/cjs/react-dom.development.js:25482:3)
    at /Users/julianestefan/Documents/projects/kong/swagger-ui-kong-theme/node_modules/react-dom/cjs/react-dom.development.js:26021:7
    at unbatchedUpdates (/Users/julianestefan/Documents/projects/kong/swagger-ui-kong-theme/node_modules/react-dom/cjs/react-dom.development.js:22431:12)
    at legacyRenderSubtreeIntoContainer (/Users/julianestefan/Documents/projects/kong/swagger-ui-kong-theme/node_modules/react-dom/cjs/react-dom.development.js:26020:5)
    at Object.render (/Users/julianestefan/Documents/projects/kong/swagger-ui-kong-theme/node_modules/react-dom/cjs/react-dom.development.js:26103:10)
    at /Users/julianestefan/Documents/projects/kong/swagger-ui-kong-theme/node_modules/@testing-library/react/dist/pure.js:101:25
    at batchedUpdates$1 (/Users/julianestefan/Documents/projects/kong/swagger-ui-kong-theme/node_modules/react-dom/cjs/react-dom.development.js:22380:12)
    at act (/Users/julianestefan/Documents/projects/kong/swagger-ui-kong-theme/node_modules/react-dom/cjs/react-dom-test-utils.development.js:1042:14)
    at render (/Users/julianestefan/Documents/projects/kong/swagger-ui-kong-theme/node_modules/@testing-library/react/dist/pure.js:97:26)
    at renderComponent (/Users/julianestefan/Documents/projects/kong/swagger-ui-kong-theme/test/unit/common/components/Sidebar/Sidebar.test.js:22:33)
    at Object.renderComponent (/Users/julianestefan/Documents/projects/kong/swagger-ui-kong-theme/test/unit/common/components/Sidebar/Sidebar.test.js:68:13)
    at Promise.then.completed (/Users/julianestefan/Documents/projects/kong/swagger-ui-kong-theme/node_modules/jest-circus/build/utils.js:333:28)
    at new Promise (&lt;anonymous&gt;)
    at callAsyncCircusFn (/Users/julianestefan/Documents/projects/kong/swagger-ui-kong-theme/node_modules/jest-circus/build/utils.js:259:10)
    at _callCircusTest (/Users/julianestefan/Documents/projects/kong/swagger-ui-kong-theme/node_modules/jest-circus/build/run.js:277:40)
    at processTicksAndRejections (node:internal/process/task_queues:96:5)
    at _runTest (/Users/julianestefan/Documents/projects/kong/swagger-ui-kong-theme/node_modules/jest-circus/build/run.js:209:3)
    at _runTestsForDescribeBlock (/Users/julianestefan/Documents/projects/kong/swagger-ui-kong-theme/node_modules/jest-circus/build/run.js:97:9)
    at _runTestsForDescribeBlock (/Users/julianestefan/Documents/projects/kong/swagger-ui-kong-theme/node_modules/jest-circus/build/run.js:91:9)
    at run (/Users/julianestefan/Documents/projects/kong/swagger-ui-kong-theme/node_modules/jest-circus/build/run.js:31:3)
    at runAndTransformResultsToJestFormat (/Users/julianestefan/Documents/projects/kong/swagger-ui-kong-theme/node_modules/jest-circus/build/legacy-code-todo-rewrite/jestAdapterInit.js:135:21)
    at jestAdapter (/Users/julianestefan/Documents/projects/kong/swagger-ui-kong-theme/node_modules/jest-circus/build/legacy-code-todo-rewrite/jestAdapter.js:92:19)
    at runTestInternal (/Users/julianestefan/Documents/projects/kong/swagger-ui-kong-theme/node_modules/jest-runner/build/runTest.js:411:16)
    at runTest (/Users/julianestefan/Documents/projects/kong/swagger-ui-kong-theme/node_modules/jest-runner/build/runTest.js:499:34)
    at Object.worker (/Users/julianestefan/Documents/projects/kong/swagger-ui-kong-theme/node_modules/jest-runner/build/testWorker.js:133:12)</failure>
    </testcase>
    <testcase classname="&lt;SideBar/&gt; on `Enter` press close sidebar" name="&lt;SideBar/&gt; on `Enter` press close sidebar" time="0.002">
      <failure>TypeError: Cannot read properties of undefined (reading &apos;theme&apos;)
    at theme (/Users/julianestefan/Documents/projects/kong/swagger-ui-kong-theme/src/components/Sidebar/index.js:30:18)
    at renderWithHooks (/Users/julianestefan/Documents/projects/kong/swagger-ui-kong-theme/node_modules/react-dom/cjs/react-dom.development.js:14985:18)
    at mountIndeterminateComponent (/Users/julianestefan/Documents/projects/kong/swagger-ui-kong-theme/node_modules/react-dom/cjs/react-dom.development.js:17811:13)
    at beginWork (/Users/julianestefan/Documents/projects/kong/swagger-ui-kong-theme/node_modules/react-dom/cjs/react-dom.development.js:19049:16)
    at HTMLUnknownElement.callCallback (/Users/julianestefan/Documents/projects/kong/swagger-ui-kong-theme/node_modules/react-dom/cjs/react-dom.development.js:3945:14)
    at HTMLUnknownElement.callTheUserObjectsOperation (/Users/julianestefan/Documents/projects/kong/swagger-ui-kong-theme/node_modules/jsdom/lib/jsdom/living/generated/EventListener.js:26:30)
    at innerInvokeEventListeners (/Users/julianestefan/Documents/projects/kong/swagger-ui-kong-theme/node_modules/jsdom/lib/jsdom/living/events/EventTarget-impl.js:340:25)
    at invokeEventListeners (/Users/julianestefan/Documents/projects/kong/swagger-ui-kong-theme/node_modules/jsdom/lib/jsdom/living/events/EventTarget-impl.js:276:3)
    at HTMLUnknownElementImpl._dispatch (/Users/julianestefan/Documents/projects/kong/swagger-ui-kong-theme/node_modules/jsdom/lib/jsdom/living/events/EventTarget-impl.js:223:9)
    at HTMLUnknownElementImpl.dispatchEvent (/Users/julianestefan/Documents/projects/kong/swagger-ui-kong-theme/node_modules/jsdom/lib/jsdom/living/events/EventTarget-impl.js:94:17)
    at HTMLUnknownElement.dispatchEvent (/Users/julianestefan/Documents/projects/kong/swagger-ui-kong-theme/node_modules/jsdom/lib/jsdom/living/generated/EventTarget.js:241:34)
    at Object.invokeGuardedCallbackDev (/Users/julianestefan/Documents/projects/kong/swagger-ui-kong-theme/node_modules/react-dom/cjs/react-dom.development.js:3994:16)
    at invokeGuardedCallback (/Users/julianestefan/Documents/projects/kong/swagger-ui-kong-theme/node_modules/react-dom/cjs/react-dom.development.js:4056:31)
    at beginWork$1 (/Users/julianestefan/Documents/projects/kong/swagger-ui-kong-theme/node_modules/react-dom/cjs/react-dom.development.js:23964:7)
    at performUnitOfWork (/Users/julianestefan/Documents/projects/kong/swagger-ui-kong-theme/node_modules/react-dom/cjs/react-dom.development.js:22779:12)
    at workLoopSync (/Users/julianestefan/Documents/projects/kong/swagger-ui-kong-theme/node_modules/react-dom/cjs/react-dom.development.js:22707:5)
    at renderRootSync (/Users/julianestefan/Documents/projects/kong/swagger-ui-kong-theme/node_modules/react-dom/cjs/react-dom.development.js:22670:7)
    at performSyncWorkOnRoot (/Users/julianestefan/Documents/projects/kong/swagger-ui-kong-theme/node_modules/react-dom/cjs/react-dom.development.js:22293:18)
    at scheduleUpdateOnFiber (/Users/julianestefan/Documents/projects/kong/swagger-ui-kong-theme/node_modules/react-dom/cjs/react-dom.development.js:21881:7)
    at updateContainer (/Users/julianestefan/Documents/projects/kong/swagger-ui-kong-theme/node_modules/react-dom/cjs/react-dom.development.js:25482:3)
    at /Users/julianestefan/Documents/projects/kong/swagger-ui-kong-theme/node_modules/react-dom/cjs/react-dom.development.js:26021:7
    at unbatchedUpdates (/Users/julianestefan/Documents/projects/kong/swagger-ui-kong-theme/node_modules/react-dom/cjs/react-dom.development.js:22431:12)
    at legacyRenderSubtreeIntoContainer (/Users/julianestefan/Documents/projects/kong/swagger-ui-kong-theme/node_modules/react-dom/cjs/react-dom.development.js:26020:5)
    at Object.render (/Users/julianestefan/Documents/projects/kong/swagger-ui-kong-theme/node_modules/react-dom/cjs/react-dom.development.js:26103:10)
    at /Users/julianestefan/Documents/projects/kong/swagger-ui-kong-theme/node_modules/@testing-library/react/dist/pure.js:101:25
    at batchedUpdates$1 (/Users/julianestefan/Documents/projects/kong/swagger-ui-kong-theme/node_modules/react-dom/cjs/react-dom.development.js:22380:12)
    at act (/Users/julianestefan/Documents/projects/kong/swagger-ui-kong-theme/node_modules/react-dom/cjs/react-dom-test-utils.development.js:1042:14)
    at render (/Users/julianestefan/Documents/projects/kong/swagger-ui-kong-theme/node_modules/@testing-library/react/dist/pure.js:97:26)
    at renderComponent (/Users/julianestefan/Documents/projects/kong/swagger-ui-kong-theme/test/unit/common/components/Sidebar/Sidebar.test.js:22:33)
    at Object.renderComponent (/Users/julianestefan/Documents/projects/kong/swagger-ui-kong-theme/test/unit/common/components/Sidebar/Sidebar.test.js:77:9)
    at Promise.then.completed (/Users/julianestefan/Documents/projects/kong/swagger-ui-kong-theme/node_modules/jest-circus/build/utils.js:333:28)
    at new Promise (&lt;anonymous&gt;)
    at callAsyncCircusFn (/Users/julianestefan/Documents/projects/kong/swagger-ui-kong-theme/node_modules/jest-circus/build/utils.js:259:10)
    at _callCircusTest (/Users/julianestefan/Documents/projects/kong/swagger-ui-kong-theme/node_modules/jest-circus/build/run.js:277:40)
    at processTicksAndRejections (node:internal/process/task_queues:96:5)
    at _runTest (/Users/julianestefan/Documents/projects/kong/swagger-ui-kong-theme/node_modules/jest-circus/build/run.js:209:3)
    at _runTestsForDescribeBlock (/Users/julianestefan/Documents/projects/kong/swagger-ui-kong-theme/node_modules/jest-circus/build/run.js:97:9)
    at _runTestsForDescribeBlock (/Users/julianestefan/Documents/projects/kong/swagger-ui-kong-theme/node_modules/jest-circus/build/run.js:91:9)
    at run (/Users/julianestefan/Documents/projects/kong/swagger-ui-kong-theme/node_modules/jest-circus/build/run.js:31:3)
    at runAndTransformResultsToJestFormat (/Users/julianestefan/Documents/projects/kong/swagger-ui-kong-theme/node_modules/jest-circus/build/legacy-code-todo-rewrite/jestAdapterInit.js:135:21)
    at jestAdapter (/Users/julianestefan/Documents/projects/kong/swagger-ui-kong-theme/node_modules/jest-circus/build/legacy-code-todo-rewrite/jestAdapter.js:92:19)
    at runTestInternal (/Users/julianestefan/Documents/projects/kong/swagger-ui-kong-theme/node_modules/jest-runner/build/runTest.js:411:16)
    at runTest (/Users/julianestefan/Documents/projects/kong/swagger-ui-kong-theme/node_modules/jest-runner/build/runTest.js:499:34)
    at Object.worker (/Users/julianestefan/Documents/projects/kong/swagger-ui-kong-theme/node_modules/jest-runner/build/testWorker.js:133:12)</failure>
    </testcase>
    <testcase classname="&lt;SideBar/&gt; on `Return` press close sidebar" name="&lt;SideBar/&gt; on `Return` press close sidebar" time="0.011">
      <failure>TypeError: Cannot read properties of undefined (reading &apos;theme&apos;)
    at theme (/Users/julianestefan/Documents/projects/kong/swagger-ui-kong-theme/src/components/Sidebar/index.js:30:18)
    at renderWithHooks (/Users/julianestefan/Documents/projects/kong/swagger-ui-kong-theme/node_modules/react-dom/cjs/react-dom.development.js:14985:18)
    at mountIndeterminateComponent (/Users/julianestefan/Documents/projects/kong/swagger-ui-kong-theme/node_modules/react-dom/cjs/react-dom.development.js:17811:13)
    at beginWork (/Users/julianestefan/Documents/projects/kong/swagger-ui-kong-theme/node_modules/react-dom/cjs/react-dom.development.js:19049:16)
    at HTMLUnknownElement.callCallback (/Users/julianestefan/Documents/projects/kong/swagger-ui-kong-theme/node_modules/react-dom/cjs/react-dom.development.js:3945:14)
    at HTMLUnknownElement.callTheUserObjectsOperation (/Users/julianestefan/Documents/projects/kong/swagger-ui-kong-theme/node_modules/jsdom/lib/jsdom/living/generated/EventListener.js:26:30)
    at innerInvokeEventListeners (/Users/julianestefan/Documents/projects/kong/swagger-ui-kong-theme/node_modules/jsdom/lib/jsdom/living/events/EventTarget-impl.js:340:25)
    at invokeEventListeners (/Users/julianestefan/Documents/projects/kong/swagger-ui-kong-theme/node_modules/jsdom/lib/jsdom/living/events/EventTarget-impl.js:276:3)
    at HTMLUnknownElementImpl._dispatch (/Users/julianestefan/Documents/projects/kong/swagger-ui-kong-theme/node_modules/jsdom/lib/jsdom/living/events/EventTarget-impl.js:223:9)
    at HTMLUnknownElementImpl.dispatchEvent (/Users/julianestefan/Documents/projects/kong/swagger-ui-kong-theme/node_modules/jsdom/lib/jsdom/living/events/EventTarget-impl.js:94:17)
    at HTMLUnknownElement.dispatchEvent (/Users/julianestefan/Documents/projects/kong/swagger-ui-kong-theme/node_modules/jsdom/lib/jsdom/living/generated/EventTarget.js:241:34)
    at Object.invokeGuardedCallbackDev (/Users/julianestefan/Documents/projects/kong/swagger-ui-kong-theme/node_modules/react-dom/cjs/react-dom.development.js:3994:16)
    at invokeGuardedCallback (/Users/julianestefan/Documents/projects/kong/swagger-ui-kong-theme/node_modules/react-dom/cjs/react-dom.development.js:4056:31)
    at beginWork$1 (/Users/julianestefan/Documents/projects/kong/swagger-ui-kong-theme/node_modules/react-dom/cjs/react-dom.development.js:23964:7)
    at performUnitOfWork (/Users/julianestefan/Documents/projects/kong/swagger-ui-kong-theme/node_modules/react-dom/cjs/react-dom.development.js:22779:12)
    at workLoopSync (/Users/julianestefan/Documents/projects/kong/swagger-ui-kong-theme/node_modules/react-dom/cjs/react-dom.development.js:22707:5)
    at renderRootSync (/Users/julianestefan/Documents/projects/kong/swagger-ui-kong-theme/node_modules/react-dom/cjs/react-dom.development.js:22670:7)
    at performSyncWorkOnRoot (/Users/julianestefan/Documents/projects/kong/swagger-ui-kong-theme/node_modules/react-dom/cjs/react-dom.development.js:22293:18)
    at scheduleUpdateOnFiber (/Users/julianestefan/Documents/projects/kong/swagger-ui-kong-theme/node_modules/react-dom/cjs/react-dom.development.js:21881:7)
    at updateContainer (/Users/julianestefan/Documents/projects/kong/swagger-ui-kong-theme/node_modules/react-dom/cjs/react-dom.development.js:25482:3)
    at /Users/julianestefan/Documents/projects/kong/swagger-ui-kong-theme/node_modules/react-dom/cjs/react-dom.development.js:26021:7
    at unbatchedUpdates (/Users/julianestefan/Documents/projects/kong/swagger-ui-kong-theme/node_modules/react-dom/cjs/react-dom.development.js:22431:12)
    at legacyRenderSubtreeIntoContainer (/Users/julianestefan/Documents/projects/kong/swagger-ui-kong-theme/node_modules/react-dom/cjs/react-dom.development.js:26020:5)
    at Object.render (/Users/julianestefan/Documents/projects/kong/swagger-ui-kong-theme/node_modules/react-dom/cjs/react-dom.development.js:26103:10)
    at /Users/julianestefan/Documents/projects/kong/swagger-ui-kong-theme/node_modules/@testing-library/react/dist/pure.js:101:25
    at batchedUpdates$1 (/Users/julianestefan/Documents/projects/kong/swagger-ui-kong-theme/node_modules/react-dom/cjs/react-dom.development.js:22380:12)
    at act (/Users/julianestefan/Documents/projects/kong/swagger-ui-kong-theme/node_modules/react-dom/cjs/react-dom-test-utils.development.js:1042:14)
    at render (/Users/julianestefan/Documents/projects/kong/swagger-ui-kong-theme/node_modules/@testing-library/react/dist/pure.js:97:26)
    at renderComponent (/Users/julianestefan/Documents/projects/kong/swagger-ui-kong-theme/test/unit/common/components/Sidebar/Sidebar.test.js:22:33)
    at Object.renderComponent (/Users/julianestefan/Documents/projects/kong/swagger-ui-kong-theme/test/unit/common/components/Sidebar/Sidebar.test.js:86:9)
    at Promise.then.completed (/Users/julianestefan/Documents/projects/kong/swagger-ui-kong-theme/node_modules/jest-circus/build/utils.js:333:28)
    at new Promise (&lt;anonymous&gt;)
    at callAsyncCircusFn (/Users/julianestefan/Documents/projects/kong/swagger-ui-kong-theme/node_modules/jest-circus/build/utils.js:259:10)
    at _callCircusTest (/Users/julianestefan/Documents/projects/kong/swagger-ui-kong-theme/node_modules/jest-circus/build/run.js:277:40)
    at processTicksAndRejections (node:internal/process/task_queues:96:5)
    at _runTest (/Users/julianestefan/Documents/projects/kong/swagger-ui-kong-theme/node_modules/jest-circus/build/run.js:209:3)
    at _runTestsForDescribeBlock (/Users/julianestefan/Documents/projects/kong/swagger-ui-kong-theme/node_modules/jest-circus/build/run.js:97:9)
    at _runTestsForDescribeBlock (/Users/julianestefan/Documents/projects/kong/swagger-ui-kong-theme/node_modules/jest-circus/build/run.js:91:9)
    at run (/Users/julianestefan/Documents/projects/kong/swagger-ui-kong-theme/node_modules/jest-circus/build/run.js:31:3)
    at runAndTransformResultsToJestFormat (/Users/julianestefan/Documents/projects/kong/swagger-ui-kong-theme/node_modules/jest-circus/build/legacy-code-todo-rewrite/jestAdapterInit.js:135:21)
    at jestAdapter (/Users/julianestefan/Documents/projects/kong/swagger-ui-kong-theme/node_modules/jest-circus/build/legacy-code-todo-rewrite/jestAdapter.js:92:19)
    at runTestInternal (/Users/julianestefan/Documents/projects/kong/swagger-ui-kong-theme/node_modules/jest-runner/build/runTest.js:411:16)
    at runTest (/Users/julianestefan/Documents/projects/kong/swagger-ui-kong-theme/node_modules/jest-runner/build/runTest.js:499:34)
    at Object.worker (/Users/julianestefan/Documents/projects/kong/swagger-ui-kong-theme/node_modules/jest-runner/build/testWorker.js:133:12)</failure>
    </testcase>
  </testsuite>
</testsuites>