<?xml version="1.0" encoding="UTF-8"?>
<testsuites name="jest tests" tests="1" failures="0" errors="0" time="1.928">
  <testsuite name="&lt;Parameters/&gt;" errors="0" failures="0" skipped="0" timestamp="2022-07-07T14:51:07" time="1.2" tests="1">
    <testcase classname="&lt;Parameters/&gt; was rendered" name="&lt;Parameters/&gt; was rendered" time="0.023">
    </testcase>
  </testsuite>
</testsuites>