<?xml version="1.0" encoding="UTF-8"?>
<testsuites name="jest tests" tests="1" failures="0" errors="0" time="1.727">
  <testsuite name="&lt;InfoAlert" errors="0" failures="0" skipped="0" timestamp="2022-07-06T13:46:06" time="1.088" tests="1">
    <testcase classname="&lt;InfoAlert was rendered" name="&lt;InfoAlert was rendered" time="0.019">
    </testcase>
  </testsuite>
</testsuites>