<?xml version="1.0" encoding="UTF-8"?>
<testsuites name="jest tests" tests="43" failures="0" errors="0" time="5.661">
  <testsuite name="&lt;TryItOutButton/&gt;" errors="0" failures="0" skipped="6" timestamp="2022-06-21T15:13:06" time="2.709" tests="6">
    <testcase classname="&lt;TryItOutButton/&gt; enabled: false was rendered" name="&lt;TryItOutButton/&gt; enabled: false was rendered" time="0">
      <skipped/>
    </testcase>
    <testcase classname="&lt;TryItOutButton/&gt; enabled: false has an aria label text: `Try sending an example request`" name="&lt;TryItOutButton/&gt; enabled: false has an aria label text: `Try sending an example request`" time="0">
      <skipped/>
    </testcase>
    <testcase classname="&lt;TryItOutButton/&gt; enabled: false tryOutButton functionality" name="&lt;TryItOutButton/&gt; enabled: false tryOutButton functionality" time="0">
      <skipped/>
    </testcase>
    <testcase classname="&lt;TryItOutButton/&gt; `enabled: true` was rendered" name="&lt;TryItOutButton/&gt; `enabled: true` was rendered" time="0">
      <skipped/>
    </testcase>
    <testcase classname="&lt;TryItOutButton/&gt; `enabled: true` has an aria label text: `Cancel sending an example request`" name="&lt;TryItOutButton/&gt; `enabled: true` has an aria label text: `Cancel sending an example request`" time="0">
      <skipped/>
    </testcase>
    <testcase classname="&lt;TryItOutButton/&gt; `enabled: true` tryOutButton functionality" name="&lt;TryItOutButton/&gt; `enabled: true` tryOutButton functionality" time="0">
      <skipped/>
    </testcase>
  </testsuite>
  <testsuite name="&lt;Contact/&gt;" errors="0" failures="0" skipped="0" timestamp="2022-06-21T15:13:06" time="2.808" tests="4">
    <testcase classname="&lt;Contact/&gt; `url` property contains `url link`" name="&lt;Contact/&gt; `url` property contains `url link`" time="0.073">
    </testcase>
    <testcase classname="&lt;Contact/&gt; `url` property renders `url` href link " name="&lt;Contact/&gt; `url` property renders `url` href link " time="0.009">
    </testcase>
    <testcase classname="&lt;Contact/&gt; no `url` property no url link" name="&lt;Contact/&gt; no `url` property no url link" time="0.005">
    </testcase>
    <testcase classname="&lt;Contact/&gt; no `url` property renders `no url` href link " name="&lt;Contact/&gt; no `url` property renders `no url` href link " time="0.005">
    </testcase>
  </testsuite>
  <testsuite name="&lt;Path/&gt;" errors="0" failures="0" skipped="0" timestamp="2022-06-21T15:13:06" time="2.814" tests="3">
    <testcase classname="&lt;Path/&gt; was rendered" name="&lt;Path/&gt; was rendered" time="0.053">
    </testcase>
    <testcase classname="&lt;Path/&gt; has default classname" name="&lt;Path/&gt; has default classname" time="0.011">
    </testcase>
    <testcase classname="&lt;Path/&gt; has `host` &amp; `basePath` property rendered" name="&lt;Path/&gt; has `host` &amp; `basePath` property rendered" time="0.03">
    </testcase>
  </testsuite>
  <testsuite name="&lt;Licence/&gt;" errors="0" failures="0" skipped="0" timestamp="2022-06-21T15:13:06" time="2.887" tests="2">
    <testcase classname="&lt;Licence/&gt; `url` property renders `url` href link " name="&lt;Licence/&gt; `url` property renders `url` href link " time="0.154">
    </testcase>
    <testcase classname="&lt;Licence/&gt; `no url` property renders `no url` href link " name="&lt;Licence/&gt; `no url` property renders `no url` href link " time="0.007">
    </testcase>
  </testsuite>
  <testsuite name="&lt;ViewSpec/&gt;" errors="0" failures="0" skipped="0" timestamp="2022-06-21T15:13:06" time="2.909" tests="3">
    <testcase classname="&lt;ViewSpec/&gt; was rendered" name="&lt;ViewSpec/&gt; was rendered" time="0.07">
    </testcase>
    <testcase classname="&lt;ViewSpec/&gt; has a button" name="&lt;ViewSpec/&gt; has a button" time="0.095">
    </testcase>
    <testcase classname="&lt;ViewSpec/&gt; has an svg" name="&lt;ViewSpec/&gt; has an svg" time="0.021">
    </testcase>
  </testsuite>
  <testsuite name="&lt;HighlightCode/&gt;" errors="0" failures="0" skipped="1" timestamp="2022-06-21T15:13:06" time="3.057" tests="9">
    <testcase classname="&lt;HighlightCode/&gt; downloadable: false has no content" name="&lt;HighlightCode/&gt; downloadable: false has no content" time="0.058">
    </testcase>
    <testcase classname="&lt;HighlightCode/&gt; downloadable: true has been rendered" name="&lt;HighlightCode/&gt; downloadable: true has been rendered" time="0.123">
    </testcase>
    <testcase classname="&lt;HighlightCode/&gt; downloadable: true has a button text" name="&lt;HighlightCode/&gt; downloadable: true has a button text" time="0.061">
    </testcase>
    <testcase classname="&lt;HighlightCode/&gt; downloadable: true has classname `download-contents`" name="&lt;HighlightCode/&gt; downloadable: true has classname `download-contents`" time="0.043">
    </testcase>
    <testcase classname="&lt;HighlightCode/&gt; downloadable: true has aria label: `download contents`" name="&lt;HighlightCode/&gt; downloadable: true has aria label: `download contents`" time="0.021">
    </testcase>
    <testcase classname="&lt;HighlightCode/&gt; downloadable: true fires action on btn click" name="&lt;HighlightCode/&gt; downloadable: true fires action on btn click" time="0">
      <skipped/>
    </testcase>
    <testcase classname="&lt;HighlightCode/&gt; `pre` element was rendered" name="&lt;HighlightCode/&gt; `pre` element was rendered" time="0.005">
    </testcase>
    <testcase classname="&lt;HighlightCode/&gt; `pre` element has default text value displayed" name="&lt;HighlightCode/&gt; `pre` element has default text value displayed" time="0.004">
    </testcase>
    <testcase classname="&lt;HighlightCode/&gt; `pre` element has correct classname" name="&lt;HighlightCode/&gt; `pre` element has correct classname" time="0.008">
    </testcase>
  </testsuite>
  <testsuite name="&lt;AugmentingInfo/&gt;" errors="0" failures="0" skipped="0" timestamp="2022-06-21T15:13:06" time="3.188" tests="9">
    <testcase classname="&lt;AugmentingInfo/&gt; was rendered" name="&lt;AugmentingInfo/&gt; was rendered" time="0.043">
    </testcase>
    <testcase classname="&lt;AugmentingInfo/&gt; has className `info`" name="&lt;AugmentingInfo/&gt; has className `info`" time="0.01">
    </testcase>
    <testcase classname="&lt;AugmentingInfo/&gt; has className `main`" name="&lt;AugmentingInfo/&gt; has className `main`" time="0.009">
    </testcase>
    <testcase classname="&lt;AugmentingInfo/&gt; has className `header`" name="&lt;AugmentingInfo/&gt; has className `header`" time="0.009">
    </testcase>
    <testcase classname="&lt;AugmentingInfo/&gt; has className `title`" name="&lt;AugmentingInfo/&gt; has className `title`" time="0.005">
    </testcase>
    <testcase classname="&lt;AugmentingInfo/&gt; `title` prop is passed" name="&lt;AugmentingInfo/&gt; `title` prop is passed" time="0.022">
    </testcase>
    <testcase classname="&lt;AugmentingInfo/&gt; `ViewSpec` component is rendered" name="&lt;AugmentingInfo/&gt; `ViewSpec` component is rendered" time="0.009">
    </testcase>
    <testcase classname="&lt;AugmentingInfo/&gt; has `host path` element" name="&lt;AugmentingInfo/&gt; has `host path` element" time="0.006">
    </testcase>
    <testcase classname="&lt;AugmentingInfo/&gt; `url` section rendered" name="&lt;AugmentingInfo/&gt; `url` section rendered" time="0">
    </testcase>
  </testsuite>
  <testsuite name="&lt;ContentType/&gt;" errors="0" failures="0" skipped="0" timestamp="2022-06-21T15:13:06" time="3.509" tests="7">
    <testcase classname="&lt;ContentType/&gt; was rendered" name="&lt;ContentType/&gt; was rendered" time="0.049">
    </testcase>
    <testcase classname="&lt;ContentType/&gt; has default classname &amp; passed classname" name="&lt;ContentType/&gt; has default classname &amp; passed classname" time="0.006">
    </testcase>
    <testcase classname="&lt;ContentType/&gt; has passed aria-label" name="&lt;ContentType/&gt; has passed aria-label" time="0.007">
    </testcase>
    <testcase classname="&lt;ContentType/&gt; has a select element " name="&lt;ContentType/&gt; has a select element " time="0.02">
    </testcase>
    <testcase classname="&lt;ContentType/&gt; select element has preselected value" name="&lt;ContentType/&gt; select element has preselected value" time="0.034">
    </testcase>
    <testcase classname="&lt;ContentType/&gt; select element can show more values" name="&lt;ContentType/&gt; select element can show more values" time="0.035">
    </testcase>
    <testcase classname="&lt;ContentType/&gt; select element can change value" name="&lt;ContentType/&gt; select element can change value" time="0.021">
    </testcase>
  </testsuite>
</testsuites>