<?xml version="1.0" encoding="UTF-8"?>
<testsuites name="jest tests" tests="6" failures="0" errors="0" time="2.42">
  <testsuite name="&lt;ExamplesSelect/&gt;" errors="0" failures="0" skipped="2" timestamp="2022-06-27T16:49:23" time="1.549" tests="6">
    <testcase classname="&lt;ExamplesSelect/&gt; was rendered" name="&lt;ExamplesSelect/&gt; was rendered" time="0.022">
    </testcase>
    <testcase classname="&lt;ExamplesSelect/&gt; has default classname `examples-select`" name="&lt;ExamplesSelect/&gt; has default classname `examples-select`" time="0.006">
    </testcase>
    <testcase classname="&lt;ExamplesSelect/&gt; has `labels` shown showLabels section has classname" name="&lt;ExamplesSelect/&gt; has `labels` shown showLabels section has classname" time="0.003">
    </testcase>
    <testcase classname="&lt;ExamplesSelect/&gt; no labels content" name="&lt;ExamplesSelect/&gt; no labels content" time="0">
      <skipped/>
    </testcase>
    <testcase classname="&lt;ExamplesSelect/&gt; has select component with option `__MODIFIED_VALUE__`" name="&lt;ExamplesSelect/&gt; has select component with option `__MODIFIED_VALUE__`" time="0.018">
    </testcase>
    <testcase classname="&lt;ExamplesSelect/&gt; select option has rendered values... " name="&lt;ExamplesSelect/&gt; select option has rendered values... " time="0">
      <skipped/>
    </testcase>
  </testsuite>
</testsuites>