<?xml version="1.0" encoding="UTF-8"?>
<testsuites name="jest tests" tests="1" failures="1" errors="0" time="2.329">
  <testsuite name="&lt;Parameters/&gt;" errors="0" failures="1" skipped="0" timestamp="2022-07-07T11:58:05" time="1.56" tests="1">
    <testcase classname="&lt;Parameters/&gt; was rendered" name="&lt;Parameters/&gt; was rendered" time="0.137">
      <failure>TypeError: x.get is not a function
    at get (C:\Projects\swagger-ui-kong-theme\src\components\Parameters\index.js:82:27)
    at C:\Projects\swagger-ui-kong-theme\node_modules\immutable\dist\immutable.js:4418:31
    at C:\Projects\swagger-ui-kong-theme\node_modules\immutable\dist\immutable.js:1377:16
    at ArrayMapNode.iterate.HashCollisionNode.iterate [as iterate] (C:\Projects\swagger-ui-kong-theme\node_modules\immutable\dist\immutable.js:1726:11)
    at Map.__iterate (C:\Projects\swagger-ui-kong-theme\node_modules\immutable\dist\immutable.js:1375:32)
    at Map.reduce (C:\Projects\swagger-ui-kong-theme\node_modules\immutable\dist\immutable.js:4413:12)
    at reduce (C:\Projects\swagger-ui-kong-theme\src\components\Parameters\index.js:81:10)
    at renderWithHooks (C:\Projects\swagger-ui-kong-theme\node_modules\react-dom\cjs\react-dom.development.js:14985:18)
    at mountIndeterminateComponent (C:\Projects\swagger-ui-kong-theme\node_modules\react-dom\cjs\react-dom.development.js:17811:13)
    at beginWork (C:\Projects\swagger-ui-kong-theme\node_modules\react-dom\cjs\react-dom.development.js:19049:16)
    at HTMLUnknownElement.callCallback (C:\Projects\swagger-ui-kong-theme\node_modules\react-dom\cjs\react-dom.development.js:3945:14)
    at HTMLUnknownElement.callTheUserObjectsOperation (C:\Projects\swagger-ui-kong-theme\node_modules\jsdom\lib\jsdom\living\generated\EventListener.js:26:30)
    at innerInvokeEventListeners (C:\Projects\swagger-ui-kong-theme\node_modules\jsdom\lib\jsdom\living\events\EventTarget-impl.js:340:25)
    at invokeEventListeners (C:\Projects\swagger-ui-kong-theme\node_modules\jsdom\lib\jsdom\living\events\EventTarget-impl.js:276:3)
    at HTMLUnknownElementImpl._dispatch (C:\Projects\swagger-ui-kong-theme\node_modules\jsdom\lib\jsdom\living\events\EventTarget-impl.js:223:9)
    at HTMLUnknownElementImpl.dispatchEvent (C:\Projects\swagger-ui-kong-theme\node_modules\jsdom\lib\jsdom\living\events\EventTarget-impl.js:94:17)
    at HTMLUnknownElement.dispatchEvent (C:\Projects\swagger-ui-kong-theme\node_modules\jsdom\lib\jsdom\living\generated\EventTarget.js:241:34)
    at Object.invokeGuardedCallbackDev (C:\Projects\swagger-ui-kong-theme\node_modules\react-dom\cjs\react-dom.development.js:3994:16)
    at invokeGuardedCallback (C:\Projects\swagger-ui-kong-theme\node_modules\react-dom\cjs\react-dom.development.js:4056:31)
    at beginWork$1 (C:\Projects\swagger-ui-kong-theme\node_modules\react-dom\cjs\react-dom.development.js:23964:7)
    at performUnitOfWork (C:\Projects\swagger-ui-kong-theme\node_modules\react-dom\cjs\react-dom.development.js:22779:12)
    at workLoopSync (C:\Projects\swagger-ui-kong-theme\node_modules\react-dom\cjs\react-dom.development.js:22707:5)
    at renderRootSync (C:\Projects\swagger-ui-kong-theme\node_modules\react-dom\cjs\react-dom.development.js:22670:7)
    at performSyncWorkOnRoot (C:\Projects\swagger-ui-kong-theme\node_modules\react-dom\cjs\react-dom.development.js:22293:18)
    at scheduleUpdateOnFiber (C:\Projects\swagger-ui-kong-theme\node_modules\react-dom\cjs\react-dom.development.js:21881:7)
    at updateContainer (C:\Projects\swagger-ui-kong-theme\node_modules\react-dom\cjs\react-dom.development.js:25482:3)
    at C:\Projects\swagger-ui-kong-theme\node_modules\react-dom\cjs\react-dom.development.js:26021:7
    at unbatchedUpdates (C:\Projects\swagger-ui-kong-theme\node_modules\react-dom\cjs\react-dom.development.js:22431:12)
    at legacyRenderSubtreeIntoContainer (C:\Projects\swagger-ui-kong-theme\node_modules\react-dom\cjs\react-dom.development.js:26020:5)
    at Object.render (C:\Projects\swagger-ui-kong-theme\node_modules\react-dom\cjs\react-dom.development.js:26103:10)
    at C:\Projects\swagger-ui-kong-theme\node_modules\@testing-library\react\dist\pure.js:101:25
    at batchedUpdates$1 (C:\Projects\swagger-ui-kong-theme\node_modules\react-dom\cjs\react-dom.development.js:22380:12)
    at act (C:\Projects\swagger-ui-kong-theme\node_modules\react-dom\cjs\react-dom-test-utils.development.js:1042:14)
    at render (C:\Projects\swagger-ui-kong-theme\node_modules\@testing-library\react\dist\pure.js:97:26)
    at renderComponent (C:\Projects\swagger-ui-kong-theme\test\unit\common\components\Parameters\Parameters.test.js:65:29)
    at Object.renderComponent (C:\Projects\swagger-ui-kong-theme\test\unit\common\components\Parameters\Parameters.test.js:70:31)
    at Promise.then.completed (C:\Projects\swagger-ui-kong-theme\node_modules\jest-circus\build\utils.js:333:28)
    at new Promise (&lt;anonymous&gt;)
    at callAsyncCircusFn (C:\Projects\swagger-ui-kong-theme\node_modules\jest-circus\build\utils.js:259:10)
    at _callCircusTest (C:\Projects\swagger-ui-kong-theme\node_modules\jest-circus\build\run.js:277:40)
    at processTicksAndRejections (internal/process/task_queues.js:95:5)
    at _runTest (C:\Projects\swagger-ui-kong-theme\node_modules\jest-circus\build\run.js:209:3)
    at _runTestsForDescribeBlock (C:\Projects\swagger-ui-kong-theme\node_modules\jest-circus\build\run.js:97:9)
    at _runTestsForDescribeBlock (C:\Projects\swagger-ui-kong-theme\node_modules\jest-circus\build\run.js:91:9)
    at run (C:\Projects\swagger-ui-kong-theme\node_modules\jest-circus\build\run.js:31:3)
    at runAndTransformResultsToJestFormat (C:\Projects\swagger-ui-kong-theme\node_modules\jest-circus\build\legacy-code-todo-rewrite\jestAdapterInit.js:135:21)
    at jestAdapter (C:\Projects\swagger-ui-kong-theme\node_modules\jest-circus\build\legacy-code-todo-rewrite\jestAdapter.js:92:19)
    at runTestInternal (C:\Projects\swagger-ui-kong-theme\node_modules\jest-runner\build\runTest.js:411:16)
    at runTest (C:\Projects\swagger-ui-kong-theme\node_modules\jest-runner\build\runTest.js:499:34)
    at TestRunner.runTests (C:\Projects\swagger-ui-kong-theme\node_modules\jest-runner\build\index.js:145:12)
    at TestScheduler.scheduleTests (C:\Projects\swagger-ui-kong-theme\node_modules\@jest\core\build\TestScheduler.js:317:13)
    at runJest (C:\Projects\swagger-ui-kong-theme\node_modules\@jest\core\build\runJest.js:407:19)
    at _run10000 (C:\Projects\swagger-ui-kong-theme\node_modules\@jest\core\build\cli\index.js:339:7)
    at runCLI (C:\Projects\swagger-ui-kong-theme\node_modules\@jest\core\build\cli\index.js:190:3)
    at Object.run (C:\Projects\swagger-ui-kong-theme\node_modules\jest-cli\build\cli\index.js:155:37)</failure>
    </testcase>
  </testsuite>
</testsuites>