<?xml version="1.0" encoding="UTF-8"?>
<testsuites name="jest tests" tests="1" failures="0" errors="0" time="1.952">
  <testsuite name="&lt;AuthorizeBtn" errors="0" failures="0" skipped="0" timestamp="2022-07-13T09:39:14" time="1.249" tests="1">
    <testcase classname="&lt;AuthorizeBtn was rendered" name="&lt;AuthorizeBtn was rendered" time="0.021">
    </testcase>
  </testsuite>
</testsuites>